<?xml version="1.0" encoding="utf-8"?><testsuites name="pytest tests"><testsuite name="pytest" errors="0" failures="0" skipped="0" tests="21" time="8.743" timestamp="2026-04-01T23:05:04.063607+00:00" hostname="agent-env-86d1efcc-b8da-4f21-b673-c5a872c8d599"><testcase classname="backend.tests.test_neno_exchange.TestNenoExchangeMarket" name="test_market_info_returns_neno_price" time="0.178" /><testcase classname="backend.tests.test_neno_exchange.TestNenoExchangeMarket" name="test_quote_buy_eur" time="0.147" /><testcase classname="backend.tests.test_neno_exchange.TestNenoExchangeMarket" name="test_quote_buy_btc" time="0.146" /><testcase classname="backend.tests.test_neno_exchange.TestNenoExchangeMarket" name="test_quote_sell_eth" time="0.179" /><testcase classname="backend.tests.test_neno_exchange.TestNenoExchangeMarket" name="test_quote_sell_usdt" time="0.120" /><testcase classname="backend.tests.test_neno_exchange.TestNenoExchangeMarket" name="test_quote_buy_bnb" time="0.127" /><testcase classname="backend.tests.test_neno_exchange.TestNenoExchangeBuySell" name="test_buy_neno_with_eur" time="0.605" /><testcase classname="backend.tests.test_neno_exchange.TestNenoExchangeBuySell" name="test_buy_neno_with_usdt" time="0.554" /><testcase classname="backend.tests.test_neno_exchange.TestNenoExchangeBuySell" name="test_sell_neno_for_bnb" time="0.474" /><testcase classname="backend.tests.test_neno_exchange.TestNenoExchangeBuySell" name="test_sell_neno_for_eth" time="0.452" /><testcase classname="backend.tests.test_neno_exchange.TestNenoExchangeBuySell" name="test_sell_neno_for_eur" time="0.470" /><testcase classname="backend.tests.test_neno_exchange.TestNenoExchangeBuySell" name="test_sell_neno_for_btc" time="0.464" /><testcase classname="backend.tests.test_neno_exchange.TestNenoExchangeBuySell" name="test_sell_neno_for_usdc" time="0.435" /><testcase classname="backend.tests.test_neno_exchange.TestNenoExchangeBuySell" name="test_sell_neno_for_matic" time="0.473" /><testcase classname="backend.tests.test_neno_exchange.TestNenoExchangeOfframp" name="test_offramp_to_card" time="0.907" /><testcase classname="backend.tests.test_neno_exchange.TestNenoExchangeOfframp" name="test_offramp_to_bank" time="0.474" /><testcase classname="backend.tests.test_neno_exchange.TestNenoExchangeErrors" name="test_buy_insufficient_balance" time="0.473" /><testcase classname="backend.tests.test_neno_exchange.TestNenoExchangeErrors" name="test_sell_insufficient_neno" time="0.478" /><testcase classname="backend.tests.test_neno_exchange.TestNenoExchangeErrors" name="test_offramp_card_without_card_id" time="0.477" /><testcase classname="backend.tests.test_neno_exchange.TestNenoExchangeTransactions" name="test_get_transactions" time="0.467" /><testcase classname="backend.tests.test_neno_exchange.TestNenoConversionRates" name="test_conversion_rates_neno_price" time="0.517" /></testsuite></testsuites>