<?xml version="1.0" encoding="utf-8"?><testsuites name="pytest tests"><testsuite name="pytest" errors="0" failures="0" skipped="0" tests="14" time="4.578" timestamp="2026-03-09T08:47:56.905772+00:00" hostname="agent-env-290006d8-818b-4113-a59f-446479f62879"><testcase classname="backend.tests.test_trading_live_postgres.TestHealthCheck" name="test_health_endpoint" time="0.177" /><testcase classname="backend.tests.test_trading_live_postgres.TestDEXAPI" name="test_dex_status_enabled" time="0.131" /><testcase classname="backend.tests.test_trading_live_postgres.TestExchangeAPI" name="test_exchange_status_live_mode" time="0.105" /><testcase classname="backend.tests.test_trading_live_postgres.TestExchangeAPI" name="test_kraken_connector_connected" time="0.095" /><testcase classname="backend.tests.test_trading_live_postgres.TestExchangeAPI" name="test_coinbase_connector_listed" time="0.093" /><testcase classname="backend.tests.test_trading_live_postgres.TestExchangeAPI" name="test_binance_connector_status" time="0.109" /><testcase classname="backend.tests.test_trading_live_postgres.TestDatabaseMigration" name="test_database_mode_dual_write" time="0.100" /><testcase classname="backend.tests.test_trading_live_postgres.TestAuthAPI" name="test_register_user_dual_write" time="0.554" /><testcase classname="backend.tests.test_trading_live_postgres.TestAuthAPI" name="test_login_user_returns_token" time="0.875" /><testcase classname="backend.tests.test_trading_live_postgres.TestAuthAPI" name="test_login_invalid_credentials" time="0.104" /><testcase classname="backend.tests.test_trading_live_postgres.TestExchangeBalances" name="test_get_exchange_balances" time="0.340" /><testcase classname="backend.tests.test_trading_live_postgres.TestDEXQuote" name="test_get_dex_quote" time="1.318" /><testcase classname="backend.tests.test_trading_live_postgres.TestExchangeTicker" name="test_get_ticker_kraken" time="0.403" /><testcase classname="backend.tests.test_trading_live_postgres.TestMigrationValidation" name="test_migration_validation" time="0.122" /></testsuite></testsuites>