<?xml version="1.0" encoding="utf-8"?><testsuites name="pytest tests"><testsuite name="pytest" errors="0" failures="0" skipped="0" tests="18" time="13.006" timestamp="2026-04-08T03:53:02.962867+00:00" hostname="agent-env-dc0d84ca-be20-4a39-8bad-ad0b56b456fc"><testcase classname="backend.tests.test_iteration36_circle_usdc.TestCircleUSDCIntegration" name="test_01_health_check" time="2.094" /><testcase classname="backend.tests.test_iteration36_circle_usdc.TestCircleUSDCIntegration" name="test_02_get_all_wallet_balances" time="2.911" /><testcase classname="backend.tests.test_iteration36_circle_usdc.TestCircleUSDCIntegration" name="test_03_get_client_wallet_balance" time="0.299" /><testcase classname="backend.tests.test_iteration36_circle_usdc.TestCircleUSDCIntegration" name="test_04_get_treasury_wallet_balance" time="2.373" /><testcase classname="backend.tests.test_iteration36_circle_usdc.TestCircleUSDCIntegration" name="test_05_get_revenue_wallet_balance" time="0.339" /><testcase classname="backend.tests.test_iteration36_circle_usdc.TestCircleUSDCIntegration" name="test_06_invalid_wallet_role_returns_400" time="0.049" /><testcase classname="backend.tests.test_iteration36_circle_usdc.TestCircleUSDCIntegration" name="test_07_circle_diagnostic" time="0.942" /><testcase classname="backend.tests.test_iteration36_circle_usdc.TestCircleUSDCIntegration" name="test_08_segregation_summary" time="0.048" /><testcase classname="backend.tests.test_iteration36_circle_usdc.TestCircleUSDCIntegration" name="test_09_segregation_reconciliation" time="0.790" /><testcase classname="backend.tests.test_iteration36_circle_usdc.TestCircleUSDCIntegration" name="test_10_segregation_movements" time="0.047" /><testcase classname="backend.tests.test_iteration36_circle_usdc.TestCircleUSDCIntegration" name="test_11_segregation_move_requires_admin" time="0.049" /><testcase classname="backend.tests.test_iteration36_circle_usdc.TestCircleUSDCIntegration" name="test_12_auto_op_status" time="0.049" /><testcase classname="backend.tests.test_iteration36_circle_usdc.TestCircleUSDCIntegration" name="test_13_auto_op_start" time="0.048" /><testcase classname="backend.tests.test_iteration36_circle_usdc.TestCircleUSDCIntegration" name="test_14_auto_op_stop" time="0.047" /><testcase classname="backend.tests.test_iteration36_circle_usdc.TestCircleUSDCIntegration" name="test_15_auto_op_restart" time="0.794" /><testcase classname="backend.tests.test_iteration36_circle_usdc.TestCircleUSDCIntegration" name="test_16_fail_safe_report" time="0.821" /><testcase classname="backend.tests.test_iteration36_circle_usdc.TestCircleUSDCIntegration" name="test_17_real_treasury_still_works" time="0.680" /><testcase classname="backend.tests.test_iteration36_circle_usdc.TestCircleUSDCIntegration" name="test_18_endpoints_require_auth" time="0.531" /></testsuite></testsuites>