<?xml version="1.0" encoding="utf-8"?><testsuites name="pytest tests"><testsuite name="pytest" errors="0" failures="0" skipped="0" tests="15" time="3.369" timestamp="2026-04-02T22:54:48.362849+00:00" hostname="agent-env-dc0d84ca-be20-4a39-8bad-ad0b56b456fc"><testcase classname="backend.tests.test_p2_features_iteration20.TestHealthAndRegression" name="test_health_endpoint" time="0.176" /><testcase classname="backend.tests.test_p2_features_iteration20.TestHealthAndRegression" name="test_neno_exchange_market" time="0.110" /><testcase classname="backend.tests.test_p2_features_iteration20.TestHealthAndRegression" name="test_neno_exchange_price" time="0.106" /><testcase classname="backend.tests.test_p2_features_iteration20.TestAuthentication" name="test_admin_login" time="0.360" /><testcase classname="backend.tests.test_p2_features_iteration20.TestMonteCarloVaR" name="test_montecarlo_var_default_params" time="0.437" /><testcase classname="backend.tests.test_p2_features_iteration20.TestMonteCarloVaR" name="test_montecarlo_var_custom_params" time="0.112" /><testcase classname="backend.tests.test_p2_features_iteration20.TestMonteCarloVaR" name="test_montecarlo_var_requires_auth" time="0.104" /><testcase classname="backend.tests.test_p2_features_iteration20.TestPEPScreening" name="test_pep_screen_clear_person" time="0.650" /><testcase classname="backend.tests.test_p2_features_iteration20.TestPEPScreening" name="test_pep_screen_sanctioned_entity" time="0.138" /><testcase classname="backend.tests.test_p2_features_iteration20.TestPEPScreening" name="test_pep_screen_pep_title" time="0.101" /><testcase classname="backend.tests.test_p2_features_iteration20.TestPEPScreening" name="test_pep_add_to_watchlist" time="0.113" /><testcase classname="backend.tests.test_p2_features_iteration20.TestPEPScreening" name="test_pep_screening_history" time="0.117" /><testcase classname="backend.tests.test_p2_features_iteration20.TestPEPScreening" name="test_pep_screening_stats" time="0.104" /><testcase classname="backend.tests.test_p2_features_iteration20.TestPEPScreening" name="test_pep_screen_requires_admin" time="0.174" /><testcase classname="backend.tests.test_p2_features_iteration20.TestWalletBalances" name="test_wallet_balances" time="0.492" /></testsuite></testsuites>