<?xml version="1.0" encoding="utf-8"?><testsuites name="pytest tests"><testsuite name="pytest" errors="0" failures="0" skipped="0" tests="24" time="5.349" timestamp="2026-04-02T06:23:21.422640+00:00" hostname="agent-env-bd5585e3-d62f-4834-841e-d44ec0e50c69"><testcase classname="backend.tests.test_iteration17_dca_pdf_nium.TestDCABot" name="test_01_create_dca_plan" time="0.535" /><testcase classname="backend.tests.test_iteration17_dca_pdf_nium.TestDCABot" name="test_02_list_dca_plans" time="0.106" /><testcase classname="backend.tests.test_iteration17_dca_pdf_nium.TestDCABot" name="test_03_pause_dca_plan" time="0.130" /><testcase classname="backend.tests.test_iteration17_dca_pdf_nium.TestDCABot" name="test_04_resume_dca_plan" time="0.102" /><testcase classname="backend.tests.test_iteration17_dca_pdf_nium.TestDCABot" name="test_05_get_dca_history" time="0.108" /><testcase classname="backend.tests.test_iteration17_dca_pdf_nium.TestDCABot" name="test_06_get_dca_history_by_plan" time="0.121" /><testcase classname="backend.tests.test_iteration17_dca_pdf_nium.TestDCABot" name="test_07_cancel_dca_plan" time="0.102" /><testcase classname="backend.tests.test_iteration17_dca_pdf_nium.TestDCABot" name="test_08_verify_plan_cancelled" time="0.108" /><testcase classname="backend.tests.test_iteration17_dca_pdf_nium.TestPDFExport" name="test_01_export_compliance_pdf_90_days" time="0.171" /><testcase classname="backend.tests.test_iteration17_dca_pdf_nium.TestPDFExport" name="test_02_export_compliance_pdf_30_days" time="0.108" /><testcase classname="backend.tests.test_iteration17_dca_pdf_nium.TestPDFExport" name="test_03_export_compliance_pdf_365_days" time="0.103" /><testcase classname="backend.tests.test_iteration17_dca_pdf_nium.TestNIUMOnboarding" name="test_01_nium_diagnostic" time="0.554" /><testcase classname="backend.tests.test_iteration17_dca_pdf_nium.TestNIUMOnboarding" name="test_02_nium_templates" time="0.452" /><testcase classname="backend.tests.test_iteration17_dca_pdf_nium.TestNIUMOnboarding" name="test_03_nium_corporate_constants" time="1.199" /><testcase classname="backend.tests.test_iteration17_dca_pdf_nium.TestNIUMOnboarding" name="test_04_nium_set_template_id_admin_only" time="0.104" /><testcase classname="backend.tests.test_iteration17_dca_pdf_nium.TestNIUMOnboarding" name="test_05_nium_set_template_id_non_admin_forbidden" time="0.431" /><testcase classname="backend.tests.test_iteration17_dca_pdf_nium.TestDCAValidation" name="test_01_invalid_asset" time="0.096" /><testcase classname="backend.tests.test_iteration17_dca_pdf_nium.TestDCAValidation" name="test_02_invalid_interval" time="0.097" /><testcase classname="backend.tests.test_iteration17_dca_pdf_nium.TestDCAValidation" name="test_03_negative_amount" time="0.094" /><testcase classname="backend.tests.test_iteration17_dca_pdf_nium.TestDCAValidation" name="test_04_pause_nonexistent_plan" time="0.103" /><testcase classname="backend.tests.test_iteration17_dca_pdf_nium.TestDCAValidation" name="test_05_cancel_nonexistent_plan" time="0.100" /><testcase classname="backend.tests.test_iteration17_dca_pdf_nium.TestCSVExport" name="test_01_export_trades_csv" time="0.108" /><testcase classname="backend.tests.test_iteration17_dca_pdf_nium.TestCSVExport" name="test_02_export_portfolio_csv" time="0.124" /><testcase classname="backend.tests.test_iteration17_dca_pdf_nium.TestCSVExport" name="test_03_export_margin_csv" time="0.095" /></testsuite></testsuites>