<?xml version="1.0" encoding="utf-8"?><testsuites name="pytest tests"><testsuite name="pytest" errors="0" failures="0" skipped="0" tests="17" time="8.521" timestamp="2026-03-10T08:31:07.254896+00:00" hostname="agent-env-bffb7e4b-92e0-4230-a957-d97db600bc21"><testcase classname="backend.tests.test_admin_token_subscription.TestAdminAuthentication" name="test_admin_login_success" time="0.446" /><testcase classname="backend.tests.test_admin_token_subscription.TestAdminAuthentication" name="test_admin_users_list" time="0.437" /><testcase classname="backend.tests.test_admin_token_subscription.TestAdminAuthentication" name="test_admin_users_access_denied_for_regular_user" time="0.433" /><testcase classname="backend.tests.test_admin_token_subscription.TestTokenManagement" name="test_token_list_returns_data" time="0.436" /><testcase classname="backend.tests.test_admin_token_subscription.TestTokenManagement" name="test_token_list_has_mytoken_pending" time="0.439" /><testcase classname="backend.tests.test_admin_token_subscription.TestTokenManagement" name="test_token_creation" time="0.455" /><testcase classname="backend.tests.test_admin_token_subscription.TestTokenManagement" name="test_token_admin_approve" time="0.574" /><testcase classname="backend.tests.test_admin_token_subscription.TestTokenManagement" name="test_token_admin_go_live" time="0.653" /><testcase classname="backend.tests.test_admin_token_subscription.TestTokenManagement" name="test_token_stats_overview" time="0.434" /><testcase classname="backend.tests.test_admin_token_subscription.TestTokenListings" name="test_listings_list_returns_structure" time="0.489" /><testcase classname="backend.tests.test_admin_token_subscription.TestTokenListings" name="test_create_listing_request" time="0.667" /><testcase classname="backend.tests.test_admin_token_subscription.TestSubscriptionPlans" name="test_subscription_plans_list_returns_6_plans" time="0.437" /><testcase classname="backend.tests.test_admin_token_subscription.TestSubscriptionPlans" name="test_subscription_plans_pricing_correct" time="0.448" /><testcase classname="backend.tests.test_admin_token_subscription.TestSubscriptionPlans" name="test_subscription_plans_yearly_discount" time="0.434" /><testcase classname="backend.tests.test_admin_token_subscription.TestSubscriptionPlans" name="test_subscription_admin_stats" time="0.437" /><testcase classname="backend.tests.test_admin_token_subscription.TestSubscriptionPlans" name="test_subscribe_to_plan" time="0.774" /><testcase classname="backend.tests.test_admin_token_subscription.TestSubscriptionAdminList" name="test_admin_subscriptions_list" time="0.437" /></testsuite></testsuites>