<?xml version="1.0" encoding="utf-8"?><testsuites name="pytest tests"><testsuite name="pytest" errors="8" failures="0" skipped="0" tests="18" time="24.429" timestamp="2026-04-06T11:06:00.965935+00:00" hostname="agent-env-dc0d84ca-be20-4a39-8bad-ad0b56b456fc"><testcase classname="backend.tests.test_iteration27_custom_tokens.TestCustomTokenPhase1" name="test_create_token_success" time="0.535" /><testcase classname="backend.tests.test_iteration27_custom_tokens.TestCustomTokenPhase1" name="test_create_token_symbol_max_8_chars" time="2.512" /><testcase classname="backend.tests.test_iteration27_custom_tokens.TestCustomTokenPhase1" name="test_create_token_duplicate_symbol_rejected" time="0.439" /><testcase classname="backend.tests.test_iteration27_custom_tokens.TestCustomTokenPhase1" name="test_my_tokens_returns_created_tokens" time="2.403" /><testcase classname="backend.tests.test_iteration27_custom_tokens.TestCustomTokenPhase2" name="test_deposit_eur_for_testing" time="2.524" /><testcase classname="backend.tests.test_iteration27_custom_tokens.TestCustomTokenPhase2" name="test_buy_custom_token_with_eur" time="2.721" /><testcase classname="backend.tests.test_iteration27_custom_tokens.TestCustomTokenPhase2" name="test_buy_custom_token_insufficient_balance" time="2.522" /><testcase classname="backend.tests.test_iteration27_custom_tokens.TestCustomTokenPhase2" name="test_sell_custom_token" time="2.576" /><testcase classname="backend.tests.test_iteration27_custom_tokens.TestCustomTokenPhase2" name="test_sell_custom_token_insufficient_balance" time="2.523" /><testcase classname="backend.tests.test_iteration27_custom_tokens.TestCustomTokenPhase3" name="test_swap_quote_custom_to_native" time="0.420" /><testcase classname="backend.tests.test_iteration27_custom_tokens.TestCustomTokenPhase3" name="test_swap_quote_native_to_custom" time="2.154"><error message="failed on setup with &quot;AssertionError: Login failed: {&quot;detail&quot;:&quot;Troppe richieste. Riprova tra poco.&quot;,&quot;retry_after&quot;:39}&#10;assert 429 == 200&#10; +  where 429 = &lt;Response [429]&gt;.status_code&quot;">backend/tests/test_iteration27_custom_tokens.py:247: in setup
    assert login_resp.status_code == 200, f"Login failed: {login_resp.text}"
E   AssertionError: Login failed: {"detail":"Troppe richieste. Riprova tra poco.","retry_after":39}
E   assert 429 == 200
E    +  where 429 = &lt;Response [429]&gt;.status_code</error></testcase><testcase classname="backend.tests.test_iteration27_custom_tokens.TestCustomTokenPhase3" name="test_swap_custom_to_eur" time="0.116"><error message="failed on setup with &quot;AssertionError: Login failed: {&quot;detail&quot;:&quot;Troppe richieste. Riprova tra poco.&quot;,&quot;retry_after&quot;:39}&#10;assert 429 == 200&#10; +  where 429 = &lt;Response [429]&gt;.status_code&quot;">backend/tests/test_iteration27_custom_tokens.py:247: in setup
    assert login_resp.status_code == 200, f"Login failed: {login_resp.text}"
E   AssertionError: Login failed: {"detail":"Troppe richieste. Riprova tra poco.","retry_after":39}
E   assert 429 == 200
E    +  where 429 = &lt;Response [429]&gt;.status_code</error></testcase><testcase classname="backend.tests.test_iteration27_custom_tokens.TestCustomTokenPhase3" name="test_swap_same_asset_rejected" time="0.099"><error message="failed on setup with &quot;AssertionError: Login failed: {&quot;detail&quot;:&quot;Troppe richieste. Riprova tra poco.&quot;,&quot;retry_after&quot;:39}&#10;assert 429 == 200&#10; +  where 429 = &lt;Response [429]&gt;.status_code&quot;">backend/tests/test_iteration27_custom_tokens.py:247: in setup
    assert login_resp.status_code == 200, f"Login failed: {login_resp.text}"
E   AssertionError: Login failed: {"detail":"Troppe richieste. Riprova tra poco.","retry_after":39}
E   assert 429 == 200
E    +  where 429 = &lt;Response [429]&gt;.status_code</error></testcase><testcase classname="backend.tests.test_iteration27_custom_tokens.TestCustomTokenPhase3" name="test_swap_insufficient_balance" time="0.101"><error message="failed on setup with &quot;AssertionError: Login failed: {&quot;detail&quot;:&quot;Troppe richieste. Riprova tra poco.&quot;,&quot;retry_after&quot;:39}&#10;assert 429 == 200&#10; +  where 429 = &lt;Response [429]&gt;.status_code&quot;">backend/tests/test_iteration27_custom_tokens.py:247: in setup
    assert login_resp.status_code == 200, f"Login failed: {login_resp.text}"
E   AssertionError: Login failed: {"detail":"Troppe richieste. Riprova tra poco.","retry_after":39}
E   assert 429 == 200
E    +  where 429 = &lt;Response [429]&gt;.status_code</error></testcase><testcase classname="backend.tests.test_iteration27_custom_tokens.TestCustomTokenPhase4" name="test_live_balances_endpoint" time="0.100"><error message="failed on setup with &quot;AssertionError: Login failed: {&quot;detail&quot;:&quot;Troppe richieste. Riprova tra poco.&quot;,&quot;retry_after&quot;:39}&#10;assert 429 == 200&#10; +  where 429 = &lt;Response [429]&gt;.status_code&quot;">backend/tests/test_iteration27_custom_tokens.py:354: in setup
    assert login_resp.status_code == 200, f"Login failed: {login_resp.text}"
E   AssertionError: Login failed: {"detail":"Troppe richieste. Riprova tra poco.","retry_after":39}
E   assert 429 == 200
E    +  where 429 = &lt;Response [429]&gt;.status_code</error></testcase><testcase classname="backend.tests.test_iteration27_custom_tokens.TestCustomTokenPhase4" name="test_live_balances_includes_custom_tokens" time="2.119"><error message="failed on setup with &quot;AssertionError: Login failed: {&quot;detail&quot;:&quot;Troppe richieste. Riprova tra poco.&quot;,&quot;retry_after&quot;:37}&#10;assert 429 == 200&#10; +  where 429 = &lt;Response [429]&gt;.status_code&quot;">backend/tests/test_iteration27_custom_tokens.py:354: in setup
    assert login_resp.status_code == 200, f"Login failed: {login_resp.text}"
E   AssertionError: Login failed: {"detail":"Troppe richieste. Riprova tra poco.","retry_after":37}
E   assert 429 == 200
E    +  where 429 = &lt;Response [429]&gt;.status_code</error></testcase><testcase classname="backend.tests.test_iteration27_custom_tokens.TestCustomTokenPhase4" name="test_custom_tokens_list_endpoint" time="0.308"><error message="failed on setup with &quot;AssertionError: Login failed: {&quot;detail&quot;:&quot;Troppe richieste. Riprova tra poco.&quot;,&quot;retry_after&quot;:37}&#10;assert 429 == 200&#10; +  where 429 = &lt;Response [429]&gt;.status_code&quot;">backend/tests/test_iteration27_custom_tokens.py:354: in setup
    assert login_resp.status_code == 200, f"Login failed: {login_resp.text}"
E   AssertionError: Login failed: {"detail":"Troppe richieste. Riprova tra poco.","retry_after":37}
E   assert 429 == 200
E    +  where 429 = &lt;Response [429]&gt;.status_code</error></testcase><testcase classname="backend.tests.test_iteration27_custom_tokens.TestCustomTokenIntegration" name="test_full_token_lifecycle" time="0.095"><error message="failed on setup with &quot;AssertionError: Login failed: {&quot;detail&quot;:&quot;Troppe richieste. Riprova tra poco.&quot;,&quot;retry_after&quot;:36}&#10;assert 429 == 200&#10; +  where 429 = &lt;Response [429]&gt;.status_code&quot;">backend/tests/test_iteration27_custom_tokens.py:436: in setup
    assert login_resp.status_code == 200, f"Login failed: {login_resp.text}"
E   AssertionError: Login failed: {"detail":"Troppe richieste. Riprova tra poco.","retry_after":36}
E   assert 429 == 200
E    +  where 429 = &lt;Response [429]&gt;.status_code</error></testcase></testsuite></testsuites>