<?xml version="1.0" encoding="utf-8"?><testsuites name="pytest tests"><testsuite name="pytest" errors="0" failures="0" skipped="1" tests="22" time="30.729" timestamp="2026-04-09T07:36:25.956467+00:00" hostname="agent-env-dc0d84ca-be20-4a39-8bad-ad0b56b456fc"><testcase classname="backend.tests.test_iteration44_liquidity_router_kyc.TestAuth" name="test_01_admin_login" time="1.655" /><testcase classname="backend.tests.test_iteration44_liquidity_router_kyc.TestAuth" name="test_02_user_login" time="2.406" /><testcase classname="backend.tests.test_iteration44_liquidity_router_kyc.TestRouterStatus" name="test_03_router_status" time="2.753" /><testcase classname="backend.tests.test_iteration44_liquidity_router_kyc.TestRouterQuote" name="test_04_quote_btc_buy" time="2.741" /><testcase classname="backend.tests.test_iteration44_liquidity_router_kyc.TestRouterQuote" name="test_05_quote_neno_buy_custom_token" time="2.352" /><testcase classname="backend.tests.test_iteration44_liquidity_router_kyc.TestRouterQuote" name="test_06_quote_eth_sell_split" time="0.347" /><testcase classname="backend.tests.test_iteration44_liquidity_router_kyc.TestRouterQuote" name="test_07_quote_validation_amount_zero" time="0.108" /><testcase classname="backend.tests.test_iteration44_liquidity_router_kyc.TestRouterQuote" name="test_08_quote_validation_invalid_side" time="2.117" /><testcase classname="backend.tests.test_iteration44_liquidity_router_kyc.TestRouterExecute" name="test_09_execute_neno_buy" time="2.678" /><testcase classname="backend.tests.test_iteration44_liquidity_router_kyc.TestRouterVenues" name="test_10_list_venues" time="0.455" /><testcase classname="backend.tests.test_iteration44_liquidity_router_kyc.TestRouterFallbackMatrix" name="test_11_fallback_matrix" time="2.451" /><testcase classname="backend.tests.test_iteration44_liquidity_router_kyc.TestKYCProvider" name="test_12_create_applicant" time="2.529" /><testcase classname="backend.tests.test_iteration44_liquidity_router_kyc.TestKYCProvider" name="test_13_get_kyc_status" time="0.099" /><testcase classname="backend.tests.test_iteration44_liquidity_router_kyc.TestKYCProvider" name="test_14_get_verification_url" time="0.102" /><testcase classname="backend.tests.test_iteration44_liquidity_router_kyc.TestKYCProvider" name="test_15_provider_status_admin" time="2.509" /><testcase classname="backend.tests.test_iteration44_liquidity_router_kyc.TestKYCProvider" name="test_16_provider_status_non_admin_403" time="0.098" /><testcase classname="backend.tests.test_iteration44_liquidity_router_kyc.TestKYCProvider" name="test_17_kyc_webhook" time="0.143" /><testcase classname="backend.tests.test_iteration44_liquidity_router_kyc.TestPipeline" name="test_18_pipeline_status" time="2.710" /><testcase classname="backend.tests.test_iteration44_liquidity_router_kyc.TestPipeline" name="test_19_create_deposit" time="0.092"><skipped type="pytest.skip" message="User login failed">/app/backend/tests/test_iteration44_liquidity_router_kyc.py:348: User login failed</skipped></testcase><testcase classname="backend.tests.test_iteration44_liquidity_router_kyc.TestStripeWebhook" name="test_20_webhook_without_signature_400" time="0.097" /><testcase classname="backend.tests.test_iteration44_liquidity_router_kyc.TestStripeWebhook" name="test_21_webhook_with_invalid_signature_400" time="2.092" /><testcase classname="backend.tests.test_iteration44_liquidity_router_kyc.TestHealthCheck" name="test_22_health_check" time="0.101" /></testsuite></testsuites>