<?xml version="1.0" encoding="utf-8"?><testsuites name="pytest tests"><testsuite name="pytest" errors="0" failures="0" skipped="0" tests="25" time="25.115" timestamp="2026-04-08T21:32:40.602972+00:00" hostname="agent-env-dc0d84ca-be20-4a39-8bad-ad0b56b456fc"><testcase classname="backend.tests.test_iteration40_hybrid_liquidity.TestIteration40HybridLiquidity" name="test_01_health_check" time="4.841" /><testcase classname="backend.tests.test_iteration40_hybrid_liquidity.TestIteration40HybridLiquidity" name="test_02_hybrid_status_requires_auth" time="2.502" /><testcase classname="backend.tests.test_iteration40_hybrid_liquidity.TestIteration40HybridLiquidity" name="test_03_hybrid_status_returns_engine_config" time="0.416" /><testcase classname="backend.tests.test_iteration40_hybrid_liquidity.TestIteration40HybridLiquidity" name="test_04_hybrid_spread_requires_auth" time="2.166" /><testcase classname="backend.tests.test_iteration40_hybrid_liquidity.TestIteration40HybridLiquidity" name="test_05_hybrid_spread_returns_dynamic_quote" time="0.048" /><testcase classname="backend.tests.test_iteration40_hybrid_liquidity.TestIteration40HybridLiquidity" name="test_06_hybrid_spread_sell_side" time="0.047" /><testcase classname="backend.tests.test_iteration40_hybrid_liquidity.TestIteration40HybridLiquidity" name="test_07_hybrid_order_requires_auth" time="0.142" /><testcase classname="backend.tests.test_iteration40_hybrid_liquidity.TestIteration40HybridLiquidity" name="test_08_hybrid_order_place_buy" time="0.047" /><testcase classname="backend.tests.test_iteration40_hybrid_liquidity.TestIteration40HybridLiquidity" name="test_09_hybrid_execute_requires_auth" time="0.113" /><testcase classname="backend.tests.test_iteration40_hybrid_liquidity.TestIteration40HybridLiquidity" name="test_10_hybrid_execute_with_priority" time="0.047" /><testcase classname="backend.tests.test_iteration40_hybrid_liquidity.TestIteration40HybridLiquidity" name="test_11_pipeline_assess_requires_auth" time="2.155" /><testcase classname="backend.tests.test_iteration40_hybrid_liquidity.TestIteration40HybridLiquidity" name="test_12_pipeline_assess_returns_full_assessment" time="3.257" /><testcase classname="backend.tests.test_iteration40_hybrid_liquidity.TestIteration40HybridLiquidity" name="test_13_dex_liquidity_neno" time="0.269" /><testcase classname="backend.tests.test_iteration40_hybrid_liquidity.TestIteration40HybridLiquidity" name="test_14_dex_quote_neno_to_usdc" time="2.446" /><testcase classname="backend.tests.test_iteration40_hybrid_liquidity.TestIteration40HybridLiquidity" name="test_15_dex_history_returns_swaps" time="0.053" /><testcase classname="backend.tests.test_iteration40_hybrid_liquidity.TestIteration40HybridLiquidity" name="test_16_sync_state_returns_real_mode" time="3.084" /><testcase classname="backend.tests.test_iteration40_hybrid_liquidity.TestIteration40HybridLiquidity" name="test_17_instant_withdraw_status_active" time="0.056" /><testcase classname="backend.tests.test_iteration40_hybrid_liquidity.TestIteration40HybridLiquidity" name="test_18_cashout_status_returns_running" time="0.054" /><testcase classname="backend.tests.test_iteration40_hybrid_liquidity.TestIteration40HybridLiquidity" name="test_19_circle_wallets_3_segregated" time="2.877" /><testcase classname="backend.tests.test_iteration40_hybrid_liquidity.TestIteration40HybridLiquidity" name="test_20_volume_tiers_in_status" time="0.056" /><testcase classname="backend.tests.test_iteration40_hybrid_liquidity.TestIteration40HybridLiquidity" name="test_21_spread_within_100_300_bps" time="0.147" /><testcase classname="backend.tests.test_iteration40_hybrid_liquidity.TestIteration40HybridLiquidity" name="test_22_order_book_stats_in_status" time="0.046" /><testcase classname="backend.tests.test_iteration40_hybrid_liquidity.TestIteration40HybridLiquidity" name="test_23_execution_priority_order" time="0.048" /><testcase classname="backend.tests.test_iteration40_hybrid_liquidity.TestIteration40HybridLiquidity" name="test_24_hybrid_order_place_sell" time="0.045" /><testcase classname="backend.tests.test_iteration40_hybrid_liquidity.TestIteration40HybridLiquidity" name="test_25_hybrid_execute_sell" time="0.051" /></testsuite></testsuites>