<?xml version="1.0" encoding="utf-8"?><testsuites name="pytest tests"><testsuite name="pytest" errors="4" failures="0" skipped="0" tests="14" time="35.552" timestamp="2026-04-06T22:52:00.538754+00:00" hostname="agent-env-dc0d84ca-be20-4a39-8bad-ad0b56b456fc"><testcase classname="backend.tests.test_iteration28_balance_sync_bugfix.TestBalanceSyncBugFix" name="test_sell_neno_debits_balance" time="4.094" /><testcase classname="backend.tests.test_iteration28_balance_sync_bugfix.TestBalanceSyncBugFix" name="test_sell_insufficient_balance_returns_400" time="2.609" /><testcase classname="backend.tests.test_iteration28_balance_sync_bugfix.TestBalanceSyncBugFix" name="test_swap_neno_debits_from_asset" time="5.117" /><testcase classname="backend.tests.test_iteration28_balance_sync_bugfix.TestBalanceSyncBugFix" name="test_swap_insufficient_balance_returns_400" time="0.489" /><testcase classname="backend.tests.test_iteration28_balance_sync_bugfix.TestBalanceSyncBugFix" name="test_offramp_debits_neno_balance" time="4.861" /><testcase classname="backend.tests.test_iteration28_balance_sync_bugfix.TestBalanceSyncBugFix" name="test_offramp_insufficient_balance_returns_400" time="2.566" /><testcase classname="backend.tests.test_iteration28_balance_sync_bugfix.TestBalanceSyncBugFix" name="test_buy_neno_still_works" time="5.141" /><testcase classname="backend.tests.test_iteration28_balance_sync_bugfix.TestBalanceSyncBugFix" name="test_create_token_still_works" time="0.412" /><testcase classname="backend.tests.test_iteration28_balance_sync_bugfix.TestBalanceSyncBugFix" name="test_live_balances_returns_updated_data" time="2.461" /><testcase classname="backend.tests.test_iteration28_balance_sync_bugfix.TestBalanceSyncBugFix" name="test_buy_custom_token_still_works" time="5.090" /><testcase classname="backend.tests.test_iteration28_balance_sync_bugfix.TestBalanceSyncBugFix" name="test_sell_custom_token_still_works" time="0.171"><error message="failed on setup with &quot;AssertionError: Login failed: {&quot;detail&quot;:&quot;Troppe richieste. Riprova tra poco.&quot;,&quot;retry_after&quot;:29}&#10;assert 429 == 200&#10; +  where 429 = &lt;Response [429]&gt;.status_code&quot;">backend/tests/test_iteration28_balance_sync_bugfix.py:45: in setup
    assert login_resp.status_code == 200, f"Login failed: {login_resp.text}"
E   AssertionError: Login failed: {"detail":"Troppe richieste. Riprova tra poco.","retry_after":29}
E   assert 429 == 200
E    +  where 429 = &lt;Response [429]&gt;.status_code</error></testcase><testcase classname="backend.tests.test_iteration28_balance_sync_bugfix.TestBalanceVerification" name="test_sell_balance_persists_after_refetch" time="0.166"><error message="failed on setup with &quot;assert 429 == 200&#10; +  where 429 = &lt;Response [429]&gt;.status_code&quot;">backend/tests/test_iteration28_balance_sync_bugfix.py:417: in setup
    assert login_resp.status_code == 200
E   assert 429 == 200
E    +  where 429 = &lt;Response [429]&gt;.status_code</error></testcase><testcase classname="backend.tests.test_iteration28_balance_sync_bugfix.TestBalanceVerification" name="test_swap_balance_persists_after_refetch" time="2.140"><error message="failed on setup with &quot;assert 429 == 200&#10; +  where 429 = &lt;Response [429]&gt;.status_code&quot;">backend/tests/test_iteration28_balance_sync_bugfix.py:417: in setup
    assert login_resp.status_code == 200
E   assert 429 == 200
E    +  where 429 = &lt;Response [429]&gt;.status_code</error></testcase><testcase classname="backend.tests.test_iteration28_balance_sync_bugfix.TestBalanceVerification" name="test_offramp_balance_persists_after_refetch" time="0.103"><error message="failed on setup with &quot;assert 429 == 200&#10; +  where 429 = &lt;Response [429]&gt;.status_code&quot;">backend/tests/test_iteration28_balance_sync_bugfix.py:417: in setup
    assert login_resp.status_code == 200
E   assert 429 == 200
E    +  where 429 = &lt;Response [429]&gt;.status_code</error></testcase></testsuite></testsuites>