<?xml version="1.0" encoding="utf-8"?><testsuites name="pytest tests"><testsuite name="pytest" errors="0" failures="0" skipped="0" tests="21" time="5.394" timestamp="2026-04-02T02:43:44.050693+00:00" hostname="agent-env-bd5585e3-d62f-4834-841e-d44ec0e50c69"><testcase classname="backend.tests.test_iteration12_features.TestAdvancedOrders" name="test_get_active_orders" time="0.540" /><testcase classname="backend.tests.test_iteration12_features.TestAdvancedOrders" name="test_place_limit_order" time="0.054" /><testcase classname="backend.tests.test_iteration12_features.TestAdvancedOrders" name="test_place_stop_order" time="0.050" /><testcase classname="backend.tests.test_iteration12_features.TestAdvancedOrders" name="test_place_trailing_stop" time="0.061" /><testcase classname="backend.tests.test_iteration12_features.TestAdvancedOrders" name="test_cancel_order" time="0.095" /><testcase classname="backend.tests.test_iteration12_features.TestAdvancedOrders" name="test_get_order_history" time="0.048" /><testcase classname="backend.tests.test_iteration12_features.Test2FATOTP" name="test_get_2fa_status" time="0.048" /><testcase classname="backend.tests.test_iteration12_features.Test2FATOTP" name="test_setup_2fa" time="0.119" /><testcase classname="backend.tests.test_iteration12_features.TestNotifications" name="test_get_notifications" time="0.051" /><testcase classname="backend.tests.test_iteration12_features.TestNotifications" name="test_get_unread_count" time="0.050" /><testcase classname="backend.tests.test_iteration12_features.TestNotifications" name="test_mark_all_as_read" time="0.065" /><testcase classname="backend.tests.test_iteration12_features.TestKYCVerifyDocument" name="test_verify_document_requires_kyc_data" time="2.276" /><testcase classname="backend.tests.test_iteration12_features.TestKYCVerifyDocument" name="test_ocr_extract_endpoint" time="1.002" /><testcase classname="backend.tests.test_iteration12_features.TestBankingRoutes" name="test_assign_virtual_iban" time="0.091" /><testcase classname="backend.tests.test_iteration12_features.TestBankingRoutes" name="test_get_my_ibans" time="0.049" /><testcase classname="backend.tests.test_iteration12_features.TestBankingRoutes" name="test_get_banking_transactions" time="0.046" /><testcase classname="backend.tests.test_iteration12_features.TestNENODynamicPrice" name="test_get_neno_price" time="0.049" /><testcase classname="backend.tests.test_iteration12_features.TestPortfolioWallet" name="test_get_wallet_balances" time="0.049" /><testcase classname="backend.tests.test_iteration12_features.TestPortfolioWallet" name="test_get_trading_trades" time="0.082" /><testcase classname="backend.tests.test_iteration12_features.TestPortfolioWallet" name="test_get_margin_positions" time="0.053" /><testcase classname="backend.tests.test_iteration12_features.TestAdminBanking" name="test_admin_banking_overview" time="0.431" /></testsuite></testsuites>