<?xml version="1.0" encoding="utf-8"?><testsuites name="pytest tests"><testsuite name="pytest" errors="0" failures="0" skipped="0" tests="23" time="2.197" timestamp="2026-03-10T12:01:53.339565+00:00" hostname="agent-env-bffb7e4b-92e0-4230-a957-d97db600bc21"><testcase classname="tests.test_trading_engine_public_api.TestTradingPairs" name="test_get_trading_pairs" time="0.243" /><testcase classname="tests.test_trading_engine_public_api.TestTradingPairs" name="test_trading_pair_structure" time="0.058" /><testcase classname="tests.test_trading_engine_public_api.TestTicker" name="test_get_btc_eur_ticker" time="0.052" /><testcase classname="tests.test_trading_engine_public_api.TestTicker" name="test_get_eth_eur_ticker" time="0.051" /><testcase classname="tests.test_trading_engine_public_api.TestOrderBook" name="test_get_orderbook_btc_eur" time="0.058" /><testcase classname="tests.test_trading_engine_public_api.TestOrderBook" name="test_orderbook_depth_parameter" time="0.050" /><testcase classname="tests.test_trading_engine_public_api.TestCandles" name="test_get_candles_btc_eur" time="0.053" /><testcase classname="tests.test_trading_engine_public_api.TestCandles" name="test_candles_different_intervals" time="0.293" /><testcase classname="tests.test_trading_engine_public_api.TestOrderPlacement" name="test_place_market_buy_order" time="0.338" /><testcase classname="tests.test_trading_engine_public_api.TestOrderPlacement" name="test_place_limit_sell_order" time="0.053" /><testcase classname="tests.test_trading_engine_public_api.TestOrderPlacement" name="test_get_my_orders" time="0.047" /><testcase classname="tests.test_trading_engine_public_api.TestOrderPlacement" name="test_cancel_open_limit_order" time="0.105" /><testcase classname="tests.test_trading_engine_public_api.TestRecentTrades" name="test_get_recent_trades" time="0.048" /><testcase classname="tests.test_trading_engine_public_api.TestPublicAPI" name="test_public_api_docs" time="0.057" /><testcase classname="tests.test_trading_engine_public_api.TestPublicAPI" name="test_public_market_coins" time="0.162" /><testcase classname="tests.test_trading_engine_public_api.TestPublicAPI" name="test_public_trading_pairs" time="0.052" /><testcase classname="tests.test_trading_engine_public_api.TestPublicAPI" name="test_public_ticker" time="0.052" /><testcase classname="tests.test_trading_engine_public_api.TestPublicAPI" name="test_public_orderbook" time="0.049" /><testcase classname="tests.test_trading_engine_public_api.TestPublicAPI" name="test_public_candles" time="0.055" /><testcase classname="tests.test_trading_engine_public_api.TestPublicAPI" name="test_public_recent_trades" time="0.051" /><testcase classname="tests.test_trading_engine_public_api.TestEdgeCases" name="test_invalid_pair_ticker" time="0.050" /><testcase classname="tests.test_trading_engine_public_api.TestEdgeCases" name="test_limit_order_without_price" time="0.058" /><testcase classname="tests.test_trading_engine_public_api.TestEdgeCases" name="test_order_below_min_quantity" time="0.055" /></testsuite></testsuites>