<?xml version="1.0" encoding="utf-8"?><testsuites name="pytest tests"><testsuite name="pytest" errors="0" failures="0" skipped="0" tests="10" time="4.706" timestamp="2026-04-02T04:53:59.847393+00:00" hostname="agent-env-bd5585e3-d62f-4834-841e-d44ec0e50c69"><testcase classname="backend.tests.test_iteration14_features.TestNiumOnboardingAvailableMethods" name="test_available_methods_returns_all_kyc_modes" time="3.186" /><testcase classname="backend.tests.test_iteration14_features.TestNiumOnboardingCreateCustomer" name="test_create_customer_returns_real_nium_error" time="0.761" /><testcase classname="backend.tests.test_iteration14_features.TestNiumOnboardingStatus" name="test_status_returns_onboarding_info" time="0.050" /><testcase classname="backend.tests.test_iteration14_features.TestNiumOnboardingComplianceStatus" name="test_compliance_status_returns_error_or_data" time="0.051" /><testcase classname="backend.tests.test_iteration14_features.TestNiumOnboardingCustomerDetails" name="test_customer_details_returns_error_or_data" time="0.053" /><testcase classname="backend.tests.test_iteration14_features.TestWebSocketStatus" name="test_ws_status_endpoint" time="0.050" /><testcase classname="backend.tests.test_iteration14_features.TestRateLimiting" name="test_rate_limit_headers_present" time="0.052" /><testcase classname="backend.tests.test_iteration14_features.TestPortfolioTrackerWebSocketEndpoint" name="test_portfolio_ws_endpoint_exists" time="0.101" /><testcase classname="backend.tests.test_iteration14_features.TestHealthAndBasicEndpoints" name="test_health_endpoint" time="0.050" /><testcase classname="backend.tests.test_iteration14_features.TestHealthAndBasicEndpoints" name="test_auth_login" time="0.283" /></testsuite></testsuites>