<?xml version="1.0" encoding="utf-8"?><testsuites name="pytest tests"><testsuite name="pytest" errors="0" failures="0" skipped="0" tests="19" time="29.332" timestamp="2026-04-08T00:52:15.798164+00:00" hostname="agent-env-dc0d84ca-be20-4a39-8bad-ad0b56b456fc"><testcase classname="backend.tests.test_iteration34_exchange_institutional.TestExchangeOrders" name="test_01_submit_limit_buy_order" time="4.862" /><testcase classname="backend.tests.test_iteration34_exchange_institutional.TestExchangeOrders" name="test_02_order_book_snapshot" time="0.157" /><testcase classname="backend.tests.test_iteration34_exchange_institutional.TestExchangeOrders" name="test_03_my_orders" time="0.192" /><testcase classname="backend.tests.test_iteration34_exchange_institutional.TestExchangeOrders" name="test_04_smart_routing" time="2.378" /><testcase classname="backend.tests.test_iteration34_exchange_institutional.TestInstitutionalCapitalMarkets" name="test_05_corporate_structure" time="2.691" /><testcase classname="backend.tests.test_iteration34_exchange_institutional.TestInstitutionalCapitalMarkets" name="test_06_financials_ifrs" time="0.119" /><testcase classname="backend.tests.test_iteration34_exchange_institutional.TestInstitutionalCapitalMarkets" name="test_07_investor_deck" time="2.702" /><testcase classname="backend.tests.test_iteration34_exchange_institutional.TestInstitutionalCapitalMarkets" name="test_08_banking_rails" time="0.127" /><testcase classname="backend.tests.test_iteration34_exchange_institutional.TestInstitutionalCompliance" name="test_09_safeguarding_report" time="5.066" /><testcase classname="backend.tests.test_iteration34_exchange_institutional.TestInstitutionalCompliance" name="test_10_regulatory_report" time="2.658" /><testcase classname="backend.tests.test_iteration34_exchange_institutional.TestInstitutionalPnLRisk" name="test_11_pnl" time="0.470" /><testcase classname="backend.tests.test_iteration34_exchange_institutional.TestInstitutionalPnLRisk" name="test_12_treasury_check" time="2.265" /><testcase classname="backend.tests.test_iteration34_exchange_institutional.TestInstitutionalPnLRisk" name="test_13_slippage_check" time="0.121" /><testcase classname="backend.tests.test_iteration34_exchange_institutional.TestInstitutionalPnLRisk" name="test_14_arbitrage_scan" time="0.334" /><testcase classname="backend.tests.test_iteration34_exchange_institutional.TestInstitutionalLP" name="test_15_register_lp_provider" time="2.495" /><testcase classname="backend.tests.test_iteration34_exchange_institutional.TestInstitutionalLP" name="test_16_list_lp_providers" time="2.247" /><testcase classname="backend.tests.test_iteration34_exchange_institutional.TestExchangeOrdersNoAuth" name="test_17_order_book_public" time="0.138" /><testcase classname="backend.tests.test_iteration34_exchange_institutional.TestInstitutionalAuthRequired" name="test_18_structure_requires_auth" time="0.105" /><testcase classname="backend.tests.test_iteration34_exchange_institutional.TestInstitutionalAuthRequired" name="test_19_pnl_requires_auth" time="0.106" /></testsuite></testsuites>