<?xml version="1.0" encoding="utf-8"?><testsuites name="pytest tests"><testsuite name="pytest" errors="0" failures="0" skipped="0" tests="18" time="54.402" timestamp="2026-04-07T00:46:44.361873+00:00" hostname="agent-env-dc0d84ca-be20-4a39-8bad-ad0b56b456fc"><testcase classname="backend.tests.test_iteration29_settlement_ledger.TestIteration29SettlementLedger" name="test_01_login_success" time="0.906" /><testcase classname="backend.tests.test_iteration29_settlement_ledger.TestIteration29SettlementLedger" name="test_02_deposit_eur_for_testing" time="0.457" /><testcase classname="backend.tests.test_iteration29_settlement_ledger.TestIteration29SettlementLedger" name="test_03_buy_neno_for_testing" time="2.735" /><testcase classname="backend.tests.test_iteration29_settlement_ledger.TestIteration29SettlementLedger" name="test_04_sell_neno_returns_internal_credited_state" time="2.691" /><testcase classname="backend.tests.test_iteration29_settlement_ledger.TestIteration29SettlementLedger" name="test_05_swap_neno_returns_internal_credited_state" time="4.460" /><testcase classname="backend.tests.test_iteration29_settlement_ledger.TestIteration29SettlementLedger" name="test_06_offramp_neno_returns_payout_pending_state" time="4.716" /><testcase classname="backend.tests.test_iteration29_settlement_ledger.TestIteration29SettlementLedger" name="test_07_force_balance_sync" time="2.378" /><testcase classname="backend.tests.test_iteration29_settlement_ledger.TestIteration29SettlementLedger" name="test_08_get_ledger_entries" time="4.617" /><testcase classname="backend.tests.test_iteration29_settlement_ledger.TestIteration29SettlementLedger" name="test_09_get_payouts_queue" time="4.693" /><testcase classname="backend.tests.test_iteration29_settlement_ledger.TestIteration29SettlementLedger" name="test_10_reconcile_admin" time="2.588" /><testcase classname="backend.tests.test_iteration29_settlement_ledger.TestIteration29SettlementLedger" name="test_11_live_balances" time="4.628" /><testcase classname="backend.tests.test_iteration29_settlement_ledger.TestIteration29SettlementLedger" name="test_12_regression_buy_neno" time="4.757" /><testcase classname="backend.tests.test_iteration29_settlement_ledger.TestIteration29SettlementLedger" name="test_13_regression_create_token" time="2.516" /><testcase classname="backend.tests.test_iteration29_settlement_ledger.TestIteration29SettlementLedger" name="test_14_regression_buy_custom_token" time="9.308" /><testcase classname="backend.tests.test_iteration29_settlement_ledger.TestIteration29FrontendElements" name="test_platform_wallet_available" time="0.487" /><testcase classname="backend.tests.test_iteration29_settlement_ledger.TestIteration29FrontendElements" name="test_market_info_available" time="2.092" /><testcase classname="backend.tests.test_iteration29_settlement_ledger.TestIteration29FrontendElements" name="test_price_endpoint_available" time="0.152" /><testcase classname="backend.tests.test_iteration29_settlement_ledger.TestIteration29FrontendElements" name="test_my_tokens_endpoint" time="0.135" /></testsuite></testsuites>