<?xml version="1.0" encoding="utf-8"?><testsuites name="pytest tests"><testsuite name="pytest" errors="0" failures="0" skipped="0" tests="12" time="4.495" timestamp="2026-04-03T02:50:09.374169+00:00" hostname="agent-env-dc0d84ca-be20-4a39-8bad-ad0b56b456fc"><testcase classname="backend.tests.test_iteration23_onchain_settlement.TestHealthAndBasics" name="test_health_endpoint" time="0.201" /><testcase classname="backend.tests.test_iteration23_onchain_settlement.TestContractInfo" name="test_contract_info_returns_real_data" time="1.254" /><testcase classname="backend.tests.test_iteration23_onchain_settlement.TestBuyWithSettlement" name="test_buy_returns_settlement_with_bsc_block" time="0.192" /><testcase classname="backend.tests.test_iteration23_onchain_settlement.TestSellWithSettlement" name="test_sell_returns_settlement_with_bsc_block" time="0.216" /><testcase classname="backend.tests.test_iteration23_onchain_settlement.TestSwapWithSettlement" name="test_swap_returns_settlement_with_block_anchoring" time="0.202" /><testcase classname="backend.tests.test_iteration23_onchain_settlement.TestOfframpWithSettlement" name="test_offramp_returns_settlement_with_block_data" time="0.225" /><testcase classname="backend.tests.test_iteration23_onchain_settlement.TestCreateToken" name="test_create_token_succeeds" time="0.121" /><testcase classname="backend.tests.test_iteration23_onchain_settlement.TestSettlementVerification" name="test_settlement_verification_returns_confirmations" time="0.408" /><testcase classname="backend.tests.test_iteration23_onchain_settlement.TestWalletSync" name="test_wallet_sync_returns_neno_contract_info" time="0.317" /><testcase classname="backend.tests.test_iteration23_onchain_settlement.TestOnchainBalance" name="test_onchain_balance_returns_contract_and_explorer" time="0.287" /><testcase classname="backend.tests.test_iteration23_onchain_settlement.TestPortfolioSnapshot" name="test_portfolio_snapshot_returns_verified_contract_and_settlements" time="0.568" /><testcase classname="backend.tests.test_iteration23_onchain_settlement.TestWalletBalanceUpdates" name="test_balances_update_after_buy" time="0.409" /></testsuite></testsuites>