<?xml version="1.0" encoding="utf-8"?><testsuites name="pytest tests"><testsuite name="pytest" errors="0" failures="0" skipped="0" tests="19" time="3.616" timestamp="2026-04-02T01:15:17.919649+00:00" hostname="agent-env-bd5585e3-d62f-4834-841e-d44ec0e50c69"><testcase classname="backend.tests.test_margin_trading.TestTradingPairs" name="test_get_trading_pairs" time="0.140" /><testcase classname="backend.tests.test_margin_trading.TestTicker" name="test_get_btc_eur_ticker" time="0.108" /><testcase classname="backend.tests.test_margin_trading.TestTicker" name="test_get_eth_eur_ticker" time="0.121" /><testcase classname="backend.tests.test_margin_trading.TestCandleData" name="test_get_btc_eur_candles_1h" time="0.112" /><testcase classname="backend.tests.test_margin_trading.TestCandleData" name="test_get_candles_different_intervals" time="0.681" /><testcase classname="backend.tests.test_margin_trading.TestOrderBook" name="test_get_order_book" time="0.112" /><testcase classname="backend.tests.test_margin_trading.TestMarginAccount" name="test_get_margin_account_initial" time="0.430" /><testcase classname="backend.tests.test_margin_trading.TestMarginAccount" name="test_create_margin_account" time="0.117" /><testcase classname="backend.tests.test_margin_trading.TestMarginAccount" name="test_get_margin_account_after_create" time="0.123" /><testcase classname="backend.tests.test_margin_trading.TestMarginDeposit" name="test_deposit_margin_insufficient_balance" time="0.109" /><testcase classname="backend.tests.test_margin_trading.TestMarginPositions" name="test_get_margin_positions" time="0.097" /><testcase classname="backend.tests.test_margin_trading.TestMarginPositions" name="test_open_position_insufficient_margin" time="0.126" /><testcase classname="backend.tests.test_margin_trading.TestUnifiedWallet" name="test_get_unified_wallet" time="0.102" /><testcase classname="backend.tests.test_margin_trading.TestTokenDiscovery" name="test_get_supported_chains" time="0.483" /><testcase classname="backend.tests.test_margin_trading.TestTokenDiscovery" name="test_discover_tokens_no_wallet" time="0.213" /><testcase classname="backend.tests.test_margin_trading.TestWalletBalances" name="test_get_wallet_balances" time="0.127" /><testcase classname="backend.tests.test_margin_trading.TestWalletTabs" name="test_get_multichain_balances" time="0.103" /><testcase classname="backend.tests.test_margin_trading.TestWalletTabs" name="test_get_iban" time="0.116" /><testcase classname="backend.tests.test_margin_trading.TestWalletTabs" name="test_get_banking_transactions" time="0.112" /></testsuite></testsuites>