<?xml version="1.0" encoding="utf-8"?><testsuites name="pytest tests"><testsuite name="pytest" errors="0" failures="0" skipped="0" tests="23" time="29.487" timestamp="2026-04-09T02:06:42.139163+00:00" hostname="agent-env-dc0d84ca-be20-4a39-8bad-ad0b56b456fc"><testcase classname="backend.tests.test_iteration43_autonomous_pipeline.TestAutonomousPipeline" name="test_01_admin_login_returns_token_with_admin_role" time="11.147" /><testcase classname="backend.tests.test_iteration43_autonomous_pipeline.TestAutonomousPipeline" name="test_02_regular_user_login_returns_user_role" time="0.389" /><testcase classname="backend.tests.test_iteration43_autonomous_pipeline.TestAutonomousPipeline" name="test_03_pipeline_status_returns_running_state" time="2.355" /><testcase classname="backend.tests.test_iteration43_autonomous_pipeline.TestAutonomousPipeline" name="test_04_pipeline_status_requires_auth" time="0.121" /><testcase classname="backend.tests.test_iteration43_autonomous_pipeline.TestAutonomousPipeline" name="test_05_pipeline_status_accessible_by_regular_user" time="2.378" /><testcase classname="backend.tests.test_iteration43_autonomous_pipeline.TestAutonomousPipeline" name="test_06_create_deposit_returns_payment_intent" time="2.602" /><testcase classname="backend.tests.test_iteration43_autonomous_pipeline.TestAutonomousPipeline" name="test_07_create_deposit_minimum_amount" time="0.109" /><testcase classname="backend.tests.test_iteration43_autonomous_pipeline.TestAutonomousPipeline" name="test_08_create_deposit_requires_auth" time="0.103" /><testcase classname="backend.tests.test_iteration43_autonomous_pipeline.TestAutonomousPipeline" name="test_09_deposit_history_returns_user_deposits" time="0.120" /><testcase classname="backend.tests.test_iteration43_autonomous_pipeline.TestAutonomousPipeline" name="test_10_deposit_history_requires_auth" time="0.113" /><testcase classname="backend.tests.test_iteration43_autonomous_pipeline.TestAutonomousPipeline" name="test_11_payout_history_admin_only" time="2.133" /><testcase classname="backend.tests.test_iteration43_autonomous_pipeline.TestAutonomousPipeline" name="test_12_payout_history_non_admin_returns_403" time="0.146" /><testcase classname="backend.tests.test_iteration43_autonomous_pipeline.TestAutonomousPipeline" name="test_13_auto_payout_check_admin_only" time="0.276" /><testcase classname="backend.tests.test_iteration43_autonomous_pipeline.TestAutonomousPipeline" name="test_14_auto_payout_check_non_admin_returns_403" time="2.153" /><testcase classname="backend.tests.test_iteration43_autonomous_pipeline.TestAutonomousPipeline" name="test_15_auto_fund_admin_only" time="0.108" /><testcase classname="backend.tests.test_iteration43_autonomous_pipeline.TestAutonomousPipeline" name="test_16_auto_fund_non_admin_returns_403" time="0.123" /><testcase classname="backend.tests.test_iteration43_autonomous_pipeline.TestAutonomousPipeline" name="test_17_webhook_payment_intent_succeeded" time="0.117" /><testcase classname="backend.tests.test_iteration43_autonomous_pipeline.TestAutonomousPipeline" name="test_18_webhook_balance_available" time="2.325" /><testcase classname="backend.tests.test_iteration43_autonomous_pipeline.TestAutonomousPipeline" name="test_19_webhook_payout_paid" time="0.143" /><testcase classname="backend.tests.test_iteration43_autonomous_pipeline.TestAutonomousPipeline" name="test_20_webhook_payout_failed" time="0.116" /><testcase classname="backend.tests.test_iteration43_autonomous_pipeline.TestAutonomousPipeline" name="test_21_webhook_charge_succeeded" time="0.107" /><testcase classname="backend.tests.test_iteration43_autonomous_pipeline.TestAutonomousPipeline" name="test_22_webhook_invalid_payload" time="0.105" /><testcase classname="backend.tests.test_iteration43_autonomous_pipeline.TestAutonomousPipeline" name="test_23_health_check" time="2.104" /></testsuite></testsuites>