<?xml version="1.0" encoding="utf-8"?><testsuites name="pytest tests"><testsuite name="pytest" errors="0" failures="0" skipped="0" tests="24" time="26.613" timestamp="2026-04-08T09:31:22.631828+00:00" hostname="agent-env-dc0d84ca-be20-4a39-8bad-ad0b56b456fc"><testcase classname="backend.tests.test_iteration37_cashout_engine.TestHealthAndPrerequisites" name="test_01_health_check" time="0.734" /><testcase classname="backend.tests.test_iteration37_cashout_engine.TestHealthAndPrerequisites" name="test_02_admin_login" time="2.744" /><testcase classname="backend.tests.test_iteration37_cashout_engine.TestCashoutEngineStatus" name="test_03_cashout_status" time="2.589" /><testcase classname="backend.tests.test_iteration37_cashout_engine.TestCashoutEngineStatus" name="test_04_cashout_status_engine_running" time="0.044" /><testcase classname="backend.tests.test_iteration37_cashout_engine.TestCashoutReport" name="test_05_cashout_report" time="3.096" /><testcase classname="backend.tests.test_iteration37_cashout_engine.TestCashoutHistory" name="test_06_cashout_history" time="0.044" /><testcase classname="backend.tests.test_iteration37_cashout_engine.TestEurAccounts" name="test_07_eur_accounts" time="0.084" /><testcase classname="backend.tests.test_iteration37_cashout_engine.TestConversions" name="test_08_conversion_opportunities" time="0.258" /><testcase classname="backend.tests.test_iteration37_cashout_engine.TestConversions" name="test_09_conversion_history" time="0.045" /><testcase classname="backend.tests.test_iteration37_cashout_engine.TestConversions" name="test_10_conversion_summary" time="0.043" /><testcase classname="backend.tests.test_iteration37_cashout_engine.TestEngineControl" name="test_11_stop_engine" time="2.150" /><testcase classname="backend.tests.test_iteration37_cashout_engine.TestEngineControl" name="test_12_start_engine" time="3.750" /><testcase classname="backend.tests.test_iteration37_cashout_engine.TestEngineControl" name="test_13_verify_engine_running_after_restart" time="2.600" /><testcase classname="backend.tests.test_iteration37_cashout_engine.TestAuthenticationRequired" name="test_14_cashout_status_requires_auth" time="0.086" /><testcase classname="backend.tests.test_iteration37_cashout_engine.TestAuthenticationRequired" name="test_15_cashout_report_requires_auth" time="0.038" /><testcase classname="backend.tests.test_iteration37_cashout_engine.TestAuthenticationRequired" name="test_16_cashout_history_requires_auth" time="0.044" /><testcase classname="backend.tests.test_iteration37_cashout_engine.TestAuthenticationRequired" name="test_17_eur_accounts_requires_auth" time="0.040" /><testcase classname="backend.tests.test_iteration37_cashout_engine.TestAuthenticationRequired" name="test_18_conversions_opportunities_requires_auth" time="0.078" /><testcase classname="backend.tests.test_iteration37_cashout_engine.TestAuthenticationRequired" name="test_19_start_requires_auth" time="0.084" /><testcase classname="backend.tests.test_iteration37_cashout_engine.TestAuthenticationRequired" name="test_20_stop_requires_auth" time="0.042" /><testcase classname="backend.tests.test_iteration37_cashout_engine.TestCircleIntegrationStillWorking" name="test_21_circle_wallets_balances" time="5.272" /><testcase classname="backend.tests.test_iteration37_cashout_engine.TestCircleIntegrationStillWorking" name="test_22_circle_auto_op_status" time="0.054" /><testcase classname="backend.tests.test_iteration37_cashout_engine.TestHotWalletBalances" name="test_23_hot_wallet_has_neno" time="0.275" /><testcase classname="backend.tests.test_iteration37_cashout_engine.TestHotWalletBalances" name="test_24_conversion_opportunity_for_neno" time="2.315" /></testsuite></testsuites>