<?xml version="1.0" encoding="utf-8"?><testsuites name="pytest tests"><testsuite name="pytest" errors="0" failures="0" skipped="0" tests="16" time="4.788" timestamp="2026-04-03T01:18:54.413395+00:00" hostname="agent-env-dc0d84ca-be20-4a39-8bad-ad0b56b456fc"><testcase classname="backend.tests.test_iteration22_settlement_tracking.TestSettlementTracking" name="test_health_check" time="1.649" /><testcase classname="backend.tests.test_iteration22_settlement_tracking.TestSettlementTracking" name="test_buy_neno_returns_settlement_hash" time="0.477" /><testcase classname="backend.tests.test_iteration22_settlement_tracking.TestSettlementTracking" name="test_sell_neno_returns_settlement_hash" time="0.113" /><testcase classname="backend.tests.test_iteration22_settlement_tracking.TestSettlementTracking" name="test_swap_returns_settlement_hash" time="0.115" /><testcase classname="backend.tests.test_iteration22_settlement_tracking.TestSettlementTracking" name="test_offramp_returns_settlement_hash" time="0.145" /><testcase classname="backend.tests.test_iteration22_settlement_tracking.TestSettlementTracking" name="test_create_token_success" time="0.115" /><testcase classname="backend.tests.test_iteration22_settlement_tracking.TestSettlementTracking" name="test_settlement_verification_endpoint" time="0.212" /><testcase classname="backend.tests.test_iteration22_settlement_tracking.TestSettlementTracking" name="test_settlement_verification_not_found" time="0.112" /><testcase classname="backend.tests.test_iteration22_settlement_tracking.TestSettlementTracking" name="test_wallet_sync_endpoint" time="0.116" /><testcase classname="backend.tests.test_iteration22_settlement_tracking.TestSettlementTracking" name="test_portfolio_snapshot_endpoint" time="0.109" /><testcase classname="backend.tests.test_iteration22_settlement_tracking.TestSettlementTracking" name="test_wallet_balances_update_after_buy" time="0.329" /><testcase classname="backend.tests.test_iteration22_settlement_tracking.TestSettlementTracking" name="test_wallet_balances_update_after_sell" time="0.372" /><testcase classname="backend.tests.test_iteration22_settlement_tracking.TestSettlementTracking" name="test_transactions_show_settlement_hash" time="0.127" /><testcase classname="backend.tests.test_iteration22_settlement_tracking.TestE2EExchangeOperations" name="test_e2e_sell_10_neno" time="0.441" /><testcase classname="backend.tests.test_iteration22_settlement_tracking.TestE2EExchangeOperations" name="test_e2e_swap_10_neno" time="0.136" /><testcase classname="backend.tests.test_iteration22_settlement_tracking.TestE2EExchangeOperations" name="test_e2e_offramp_10_neno" time="0.121" /></testsuite></testsuites>