<?xml version="1.0" encoding="utf-8"?><testsuites name="pytest tests"><testsuite name="pytest" errors="0" failures="0" skipped="0" tests="33" time="6.195" timestamp="2026-03-12T04:09:57.853284+00:00" hostname="agent-env-86d1efcc-b8da-4f21-b673-c5a872c8d599"><testcase classname="backend.tests.test_phase4_trading_settlement.TestAuth" name="test_login_regular_user" time="0.491" /><testcase classname="backend.tests.test_phase4_trading_settlement.TestAuth" name="test_login_admin_user" time="0.355" /><testcase classname="backend.tests.test_phase4_trading_settlement.TestTradingPairs" name="test_get_trading_pairs" time="0.121" /><testcase classname="backend.tests.test_phase4_trading_settlement.TestTradingPairs" name="test_get_neno_eur_ticker" time="0.117" /><testcase classname="backend.tests.test_phase4_trading_settlement.TestTradingPairs" name="test_get_neno_usdt_ticker" time="0.104" /><testcase classname="backend.tests.test_phase4_trading_settlement.TestOrderBook" name="test_get_btc_eur_orderbook" time="0.109" /><testcase classname="backend.tests.test_phase4_trading_settlement.TestCandles" name="test_get_btc_eur_candles" time="0.124" /><testcase classname="backend.tests.test_phase4_trading_settlement.TestOrderTypes" name="test_market_order_buy" time="0.451" /><testcase classname="backend.tests.test_phase4_trading_settlement.TestOrderTypes" name="test_limit_order_sell" time="0.130" /><testcase classname="backend.tests.test_phase4_trading_settlement.TestOrderTypes" name="test_stop_loss_order" time="0.108" /><testcase classname="backend.tests.test_phase4_trading_settlement.TestOrderTypes" name="test_take_profit_order" time="0.113" /><testcase classname="backend.tests.test_phase4_trading_settlement.TestOrderCancellation" name="test_cancel_pending_trigger_order" time="0.234" /><testcase classname="backend.tests.test_phase4_trading_settlement.TestWallet" name="test_wallet_deposit" time="0.114" /><testcase classname="backend.tests.test_phase4_trading_settlement.TestWallet" name="test_wallet_balances" time="0.110" /><testcase classname="backend.tests.test_phase4_trading_settlement.TestWallet" name="test_crypto_to_fiat_conversion" time="0.210" /><testcase classname="backend.tests.test_phase4_trading_settlement.TestWallet" name="test_crypto_to_crypto_conversion" time="0.248" /><testcase classname="backend.tests.test_phase4_trading_settlement.TestWallet" name="test_fiat_to_crypto_conversion" time="0.222" /><testcase classname="backend.tests.test_phase4_trading_settlement.TestConversionRates" name="test_get_conversion_rates" time="0.119" /><testcase classname="backend.tests.test_phase4_trading_settlement.TestSettlementHistory" name="test_get_settlements" time="0.107" /><testcase classname="backend.tests.test_phase4_trading_settlement.TestCards" name="test_create_virtual_card_or_max_limit" time="0.102" /><testcase classname="backend.tests.test_phase4_trading_settlement.TestCards" name="test_list_my_cards" time="0.114" /><testcase classname="backend.tests.test_phase4_trading_settlement.TestCards" name="test_card_top_up" time="0.271" /><testcase classname="backend.tests.test_phase4_trading_settlement.TestCards" name="test_card_freeze_unfreeze" time="0.286" /><testcase classname="backend.tests.test_phase4_trading_settlement.TestCardFunding" name="test_fund_card_from_crypto" time="0.360" /><testcase classname="backend.tests.test_phase4_trading_settlement.TestPaperTrading" name="test_paper_trade" time="0.106" /><testcase classname="backend.tests.test_phase4_trading_settlement.TestPaperTrading" name="test_paper_portfolio" time="0.130" /><testcase classname="backend.tests.test_phase4_trading_settlement.TestPaperTrading" name="test_paper_reset" time="0.107" /><testcase classname="backend.tests.test_phase4_trading_settlement.TestMarginTrading" name="test_create_margin_account" time="0.149" /><testcase classname="backend.tests.test_phase4_trading_settlement.TestMarginTrading" name="test_get_margin_account" time="0.111" /><testcase classname="backend.tests.test_phase4_trading_settlement.TestMarginTrading" name="test_get_margin_positions" time="0.100" /><testcase classname="backend.tests.test_phase4_trading_settlement.TestWebSocket" name="test_websocket_status" time="0.113" /><testcase classname="backend.tests.test_phase4_trading_settlement.TestAdminStats" name="test_trading_stats_admin" time="0.443" /><testcase classname="backend.tests.test_phase4_trading_settlement.TestAdminStats" name="test_trading_stats_forbidden_for_regular_user" time="0.107" /></testsuite></testsuites>