<?xml version="1.0" encoding="utf-8"?><testsuites name="pytest tests"><testsuite name="pytest" errors="0" failures="0" skipped="0" tests="13" time="6.671" timestamp="2026-04-02T05:55:16.471528+00:00" hostname="agent-env-bd5585e3-d62f-4834-841e-d44ec0e50c69"><testcase classname="backend.tests.test_iteration16_features.TestNiumAuthDiscovery" name="test_auth_discovery_status" time="0.127" /><testcase classname="backend.tests.test_iteration16_features.TestNiumAuthDiscovery" name="test_auth_discovery_reset" time="1.098" /><testcase classname="backend.tests.test_iteration16_features.TestNiumAuthDiscovery" name="test_available_methods_shows_auto_discovery" time="0.103" /><testcase classname="backend.tests.test_iteration16_features.TestNiumOnboarding" name="test_onboarding_status_not_onboarded" time="0.438" /><testcase classname="backend.tests.test_iteration16_features.TestNiumOnboarding" name="test_create_customer_multi_version_retry" time="2.069" /><testcase classname="backend.tests.test_iteration16_features.TestPriceAlerts" name="test_create_price_alert" time="0.415" /><testcase classname="backend.tests.test_iteration16_features.TestPriceAlerts" name="test_list_alerts" time="0.439" /><testcase classname="backend.tests.test_iteration16_features.TestPriceAlerts" name="test_check_alerts_background_task" time="0.096" /><testcase classname="backend.tests.test_iteration16_features.TestBrowserPush" name="test_get_pending_push_notifications" time="0.453" /><testcase classname="backend.tests.test_iteration16_features.TestBrowserPush" name="test_mark_push_delivered" time="0.437" /><testcase classname="backend.tests.test_iteration16_features.TestWebSocketPortfolio" name="test_websocket_status" time="0.093" /><testcase classname="backend.tests.test_iteration16_features.TestBackgroundScheduler" name="test_scheduler_running_via_logs" time="0.299" /><testcase classname="backend.tests.test_iteration16_features.TestCleanup" name="test_delete_test_alerts" time="0.530" /></testsuite></testsuites>