<?xml version="1.0" encoding="utf-8"?><testsuites name="pytest tests"><testsuite name="pytest" errors="0" failures="0" skipped="0" tests="15" time="15.824" timestamp="2026-04-05T21:01:04.829871+00:00" hostname="agent-env-dc0d84ca-be20-4a39-8bad-ad0b56b456fc"><testcase classname="backend.tests.test_iteration26_neno_ramp.TestNenoRampIteration26" name="test_01_admin_login" time="5.032" /><testcase classname="backend.tests.test_iteration26_neno_ramp.TestNenoRampIteration26" name="test_02_verify_deposit_already_processed" time="0.487" /><testcase classname="backend.tests.test_iteration26_neno_ramp.TestNenoRampIteration26" name="test_03_verify_deposit_fake_hash" time="2.261" /><testcase classname="backend.tests.test_iteration26_neno_ramp.TestNenoRampIteration26" name="test_04_sell_endpoint" time="0.303" /><testcase classname="backend.tests.test_iteration26_neno_ramp.TestNenoRampIteration26" name="test_05_buy_endpoint" time="2.181" /><testcase classname="backend.tests.test_iteration26_neno_ramp.TestNenoRampIteration26" name="test_06_swap_endpoint" time="0.223" /><testcase classname="backend.tests.test_iteration26_neno_ramp.TestNenoRampIteration26" name="test_07_sell_with_tx_hash" time="0.198" /><testcase classname="backend.tests.test_iteration26_neno_ramp.TestNenoRampIteration26" name="test_08_platform_wallet" time="2.108" /><testcase classname="backend.tests.test_iteration26_neno_ramp.TestNenoRampIteration26" name="test_09_transactions_endpoint" time="0.169" /><testcase classname="backend.tests.test_iteration26_neno_ramp.TestNenoRampIteration26" name="test_10_mongodb_onchain_deposits" time="0.127" /><testcase classname="backend.tests.test_iteration26_neno_ramp.TestNenoRampIteration26" name="test_11_neno_balance" time="0.105" /><testcase classname="backend.tests.test_iteration26_neno_ramp.TestNenoRampIteration26" name="test_12_health_check" time="2.173" /><testcase classname="backend.tests.test_iteration26_neno_ramp.TestNenoRampIteration26" name="test_13_market_info" time="0.134" /><testcase classname="backend.tests.test_iteration26_neno_ramp.TestNenoRampIteration26" name="test_14_price_endpoint" time="0.114" /><testcase classname="backend.tests.test_iteration26_neno_ramp.TestNenoRampIteration26" name="test_15_quote_endpoint" time="0.123" /></testsuite></testsuites>