<?xml version="1.0" encoding="utf-8"?><testsuites name="pytest tests"><testsuite name="pytest" errors="0" failures="9" skipped="1" tests="19" time="212.269" timestamp="2026-04-03T08:33:24.472970+00:00" hostname="agent-env-dc0d84ca-be20-4a39-8bad-ad0b56b456fc"><testcase classname="backend.tests.test_iteration24_neno_exchange.TestHealthAndAuth" name="test_health_endpoint" time="60.222"><failure message="assert 502 == 200&#10; +  where 502 = &lt;Response [502]&gt;.status_code">backend/tests/test_iteration24_neno_exchange.py:27: in test_health_endpoint
    assert response.status_code == 200
E   assert 502 == 200
E    +  where 502 = &lt;Response [502]&gt;.status_code</failure></testcase><testcase classname="backend.tests.test_iteration24_neno_exchange.TestHealthAndAuth" name="test_admin_login" time="60.213"><failure message="assert 502 == 200&#10; +  where 502 = &lt;Response [502]&gt;.status_code">backend/tests/test_iteration24_neno_exchange.py:38: in test_admin_login
    assert response.status_code == 200
E   assert 502 == 200
E    +  where 502 = &lt;Response [502]&gt;.status_code</failure></testcase><testcase classname="backend.tests.test_iteration24_neno_exchange.TestPlatformWallet" name="test_platform_wallet_endpoint" time="60.218"><failure message="assert 502 == 200&#10; +  where 502 = &lt;Response [502]&gt;.status_code">backend/tests/test_iteration24_neno_exchange.py:52: in test_platform_wallet_endpoint
    assert response.status_code == 200
E   assert 502 == 200
E    +  where 502 = &lt;Response [502]&gt;.status_code</failure></testcase><testcase classname="backend.tests.test_iteration24_neno_exchange.TestVerifyDeposit" name="test_verify_deposit_requires_auth" time="25.608" /><testcase classname="backend.tests.test_iteration24_neno_exchange.TestVerifyDeposit" name="test_verify_deposit_invalid_tx_hash_format" time="0.989"><failure message="assert 401 in [400, 422]&#10; +  where 401 = &lt;Response [401]&gt;.status_code">backend/tests/test_iteration24_neno_exchange.py:112: in test_verify_deposit_invalid_tx_hash_format
    assert response.status_code in [400, 422]
E   assert 401 in [400, 422]
E    +  where 401 = &lt;Response [401]&gt;.status_code</failure></testcase><testcase classname="backend.tests.test_iteration24_neno_exchange.TestVerifyDeposit" name="test_verify_deposit_valid_format_nonexistent_tx" time="0.884"><failure message="assert 401 in [400, 404, 503]&#10; +  where 401 = &lt;Response [401]&gt;.status_code">backend/tests/test_iteration24_neno_exchange.py:130: in test_verify_deposit_valid_format_nonexistent_tx
    assert response.status_code in [400, 404, 503]
E   assert 401 in [400, 404, 503]
E    +  where 401 = &lt;Response [401]&gt;.status_code</failure></testcase><testcase classname="backend.tests.test_iteration24_neno_exchange.TestSellWithProperErrors" name="test_sell_insufficient_balance_returns_proper_error" time="0.426"><failure message="AssertionError: Expected 400, got 401&#10;assert 401 == 400&#10; +  where 401 = &lt;Response [401]&gt;.status_code">backend/tests/test_iteration24_neno_exchange.py:163: in test_sell_insufficient_balance_returns_proper_error
    assert response.status_code == 400, f"Expected 400, got {response.status_code}"
E   AssertionError: Expected 400, got 401
E   assert 401 == 400
E    +  where 401 = &lt;Response [401]&gt;.status_code</failure></testcase><testcase classname="backend.tests.test_iteration24_neno_exchange.TestSellWithProperErrors" name="test_sell_valid_amount_success" time="0.576" /><testcase classname="backend.tests.test_iteration24_neno_exchange.TestSwapEndpoint" name="test_swap_neno_to_eth" time="0.473" /><testcase classname="backend.tests.test_iteration24_neno_exchange.TestSwapEndpoint" name="test_swap_same_asset_rejected" time="0.416"><failure message="assert 401 == 400&#10; +  where 401 = &lt;Response [401]&gt;.status_code">backend/tests/test_iteration24_neno_exchange.py:264: in test_swap_same_asset_rejected
    assert response.status_code == 400
E   assert 401 == 400
E    +  where 401 = &lt;Response [401]&gt;.status_code</failure></testcase><testcase classname="backend.tests.test_iteration24_neno_exchange.TestBuyEndpoint" name="test_buy_neno_with_eur" time="0.431" /><testcase classname="backend.tests.test_iteration24_neno_exchange.TestBuyEndpoint" name="test_buy_insufficient_balance_proper_error" time="0.446"><failure message="assert 401 == 400&#10; +  where 401 = &lt;Response [401]&gt;.status_code">backend/tests/test_iteration24_neno_exchange.py:323: in test_buy_insufficient_balance_proper_error
    assert response.status_code == 400
E   assert 401 == 400
E    +  where 401 = &lt;Response [401]&gt;.status_code</failure></testcase><testcase classname="backend.tests.test_iteration24_neno_exchange.TestCORSConfiguration" name="test_cors_headers_present" time="0.065" /><testcase classname="backend.tests.test_iteration24_neno_exchange.TestCORSConfiguration" name="test_cors_on_error_response" time="0.451"><failure message="assert 401 == 400&#10; +  where 401 = &lt;Response [401]&gt;.status_code">backend/tests/test_iteration24_neno_exchange.py:371: in test_cors_on_error_response
    assert response.status_code == 400
E   assert 401 == 400
E    +  where 401 = &lt;Response [401]&gt;.status_code</failure></testcase><testcase classname="backend.tests.test_iteration24_neno_exchange.TestMarketAndQuoteEndpoints" name="test_market_info" time="0.100" /><testcase classname="backend.tests.test_iteration24_neno_exchange.TestMarketAndQuoteEndpoints" name="test_price_endpoint" time="0.113" /><testcase classname="backend.tests.test_iteration24_neno_exchange.TestMarketAndQuoteEndpoints" name="test_quote_buy" time="0.268" /><testcase classname="backend.tests.test_iteration24_neno_exchange.TestMarketAndQuoteEndpoints" name="test_quote_sell" time="0.101" /><testcase classname="backend.tests.test_iteration24_neno_exchange.TestTransactionHistory" name="test_transactions_endpoint" time="0.094"><skipped type="pytest.skip" message="Authentication failed">/app/backend/tests/test_iteration24_neno_exchange.py:446: Authentication failed</skipped></testcase></testsuite></testsuites>