<?xml version="1.0" encoding="utf-8"?><testsuites name="pytest tests"><testsuite name="pytest" errors="0" failures="0" skipped="0" tests="15" time="7.867" timestamp="2026-04-02T05:24:57.066548+00:00" hostname="agent-env-bd5585e3-d62f-4834-841e-d44ec0e50c69"><testcase classname="backend.tests.test_iteration15_features.TestAuthentication" name="test_login_regular_user" time="0.367" /><testcase classname="backend.tests.test_iteration15_features.TestPriceAlerts" name="test_create_price_alert_btc_above" time="0.422" /><testcase classname="backend.tests.test_iteration15_features.TestPriceAlerts" name="test_create_price_alert_eth_below" time="0.438" /><testcase classname="backend.tests.test_iteration15_features.TestPriceAlerts" name="test_list_user_alerts" time="0.423" /><testcase classname="backend.tests.test_iteration15_features.TestPriceAlerts" name="test_delete_price_alert" time="0.535" /><testcase classname="backend.tests.test_iteration15_features.TestPriceAlerts" name="test_create_alert_invalid_condition" time="0.421" /><testcase classname="backend.tests.test_iteration15_features.TestAlertCheck" name="test_check_all_alerts" time="0.104" /><testcase classname="backend.tests.test_iteration15_features.TestBrowserPush" name="test_get_pending_push_notifications" time="0.433" /><testcase classname="backend.tests.test_iteration15_features.TestBrowserPush" name="test_mark_push_delivered" time="0.423" /><testcase classname="backend.tests.test_iteration15_features.TestNIUMOnboarding" name="test_nium_available_methods" time="0.454" /><testcase classname="backend.tests.test_iteration15_features.TestNIUMOnboarding" name="test_nium_create_customer_real_error" time="0.793" /><testcase classname="backend.tests.test_iteration15_features.TestWebSocketPortfolioTracker" name="test_websocket_status" time="0.101" /><testcase classname="backend.tests.test_iteration15_features.TestMultiChannelDispatch" name="test_alert_trigger_creates_notifications" time="2.666" /><testcase classname="backend.tests.test_iteration15_features.TestNENOExchangeNotifications" name="test_neno_exchange_price" time="0.098" /><testcase classname="backend.tests.test_iteration15_features.TestNENOExchangeNotifications" name="test_neno_exchange_quote" time="0.116" /></testsuite></testsuites>