<?xml version="1.0" encoding="utf-8"?><testsuites name="pytest tests"><testsuite name="pytest" errors="0" failures="0" skipped="0" tests="24" time="10.830" timestamp="2026-03-12T12:45:50.069971+00:00" hostname="agent-env-86d1efcc-b8da-4f21-b673-c5a872c8d599"><testcase classname="tests.test_phase5_features.TestAuth" name="test_login_regular_user" time="0.511" /><testcase classname="tests.test_phase5_features.TestMultiChain" name="test_get_chains" time="0.878" /><testcase classname="tests.test_phase5_features.TestMultiChain" name="test_link_wallet_bsc" time="1.936" /><testcase classname="tests.test_phase5_features.TestMultiChain" name="test_get_multichain_balances" time="0.151" /><testcase classname="tests.test_phase5_features.TestMultiChain" name="test_sync_chain" time="3.737" /><testcase classname="tests.test_phase5_features.TestMultiChain" name="test_get_linked_wallets" time="0.112" /><testcase classname="tests.test_phase5_features.TestBanking" name="test_assign_iban" time="0.116" /><testcase classname="tests.test_phase5_features.TestBanking" name="test_get_ibans" time="0.151" /><testcase classname="tests.test_phase5_features.TestBanking" name="test_sepa_deposit" time="0.136" /><testcase classname="tests.test_phase5_features.TestBanking" name="test_sepa_withdraw" time="0.114" /><testcase classname="tests.test_phase5_features.TestBanking" name="test_banking_transactions" time="0.114" /><testcase classname="tests.test_phase5_features.TestBanking" name="test_banking_admin_overview" time="0.441" /><testcase classname="tests.test_phase5_features.TestBanking" name="test_banking_admin_forbidden_for_user" time="0.102" /><testcase classname="tests.test_phase5_features.TestEnhancedCards" name="test_create_physical_card_requires_address" time="0.103" /><testcase classname="tests.test_phase5_features.TestEnhancedCards" name="test_create_physical_card_with_shipping" time="0.147" /><testcase classname="tests.test_phase5_features.TestEnhancedCards" name="test_create_virtual_card" time="0.118" /><testcase classname="tests.test_phase5_features.TestEnhancedCards" name="test_get_shipping_status" time="0.229" /><testcase classname="tests.test_phase5_features.TestCardFunding" name="test_card_topup" time="0.277" /><testcase classname="tests.test_phase5_features.TestCardFunding" name="test_fund_card_from_crypto" time="0.371" /><testcase classname="tests.test_phase5_features.TestWalletConversion" name="test_convert_crypto_to_fiat" time="0.232" /><testcase classname="tests.test_phase5_features.TestWalletConversion" name="test_convert_crypto_to_crypto" time="0.226" /><testcase classname="tests.test_phase5_features.TestWalletConversion" name="test_convert_fiat_to_crypto" time="0.231" /><testcase classname="tests.test_phase5_features.TestWalletBalances" name="test_get_wallet_balances" time="0.194" /><testcase classname="tests.test_phase5_features.TestWalletBalances" name="test_get_conversion_rates" time="0.100" /></testsuite></testsuites>