<?xml version="1.0" encoding="utf-8"?><testsuites name="pytest tests"><testsuite name="pytest" errors="0" failures="0" skipped="0" tests="24" time="7.322" timestamp="2026-03-10T11:03:14.991490+00:00" hostname="agent-env-bffb7e4b-92e0-4230-a957-d97db600bc21"><testcase classname="tests.test_iteration4_features.TestMarketDataAPI" name="test_market_data_coins_endpoint" time="0.321" /><testcase classname="tests.test_iteration4_features.TestMarketDataAPI" name="test_market_data_contains_bitcoin" time="0.191" /><testcase classname="tests.test_iteration4_features.TestMarketDataAPI" name="test_market_data_coin_fields" time="0.177" /><testcase classname="tests.test_iteration4_features.TestMarketDataAPI" name="test_market_data_trending" time="0.185" /><testcase classname="tests.test_iteration4_features.TestAnalyticsAPI" name="test_analytics_track_page_view" time="0.105" /><testcase classname="tests.test_iteration4_features.TestAnalyticsAPI" name="test_analytics_track_minimal_data" time="0.099" /><testcase classname="tests.test_iteration4_features.TestAnalyticsAPI" name="test_analytics_admin_overview" time="0.453" /><testcase classname="tests.test_iteration4_features.TestAnalyticsAPI" name="test_analytics_admin_engagement" time="0.111" /><testcase classname="tests.test_iteration4_features.TestAnalyticsAPI" name="test_analytics_admin_requires_auth" time="0.107" /><testcase classname="tests.test_iteration4_features.TestAnalyticsAPI" name="test_analytics_admin_requires_admin_role" time="0.434" /><testcase classname="tests.test_iteration4_features.TestCardAPI" name="test_card_create_virtual" time="0.234" /><testcase classname="tests.test_iteration4_features.TestCardAPI" name="test_card_create_physical_pending" time="0.209" /><testcase classname="tests.test_iteration4_features.TestCardAPI" name="test_card_my_cards" time="0.326" /><testcase classname="tests.test_iteration4_features.TestCardAPI" name="test_card_topup_btc" time="0.332" /><testcase classname="tests.test_iteration4_features.TestCardAPI" name="test_card_topup_eth" time="0.302" /><testcase classname="tests.test_iteration4_features.TestCardAPI" name="test_card_transactions" time="0.447" /><testcase classname="tests.test_iteration4_features.TestCardAPI" name="test_card_freeze_unfreeze" time="0.513" /><testcase classname="tests.test_iteration4_features.TestCardAPI" name="test_card_topup_frozen_fails" time="0.550" /><testcase classname="tests.test_iteration4_features.TestCardAPI" name="test_card_cancel" time="0.232" /><testcase classname="tests.test_iteration4_features.TestCardAPI" name="test_card_admin_overview" time="0.109" /><testcase classname="tests.test_iteration4_features.TestCardAPI" name="test_card_admin_requires_admin_role" time="0.109" /><testcase classname="tests.test_iteration4_features.TestCardAPI" name="test_card_max_limit_per_type" time="0.939" /><testcase classname="tests.test_iteration4_features.TestCrossFeatureIntegration" name="test_dashboard_quick_links_data" time="0.313" /><testcase classname="tests.test_iteration4_features.TestCrossFeatureIntegration" name="test_analytics_tracks_multiple_pages" time="0.432" /></testsuite></testsuites>