<?xml version="1.0" encoding="utf-8"?><testsuites name="pytest tests"><testsuite name="pytest" errors="1" failures="0" skipped="0" tests="19" time="6.361" timestamp="2026-04-02T22:43:18.690964+00:00" hostname="agent-env-dc0d84ca-be20-4a39-8bad-ad0b56b456fc"><testcase classname="backend.tests.test_neno_exchange_iteration19.TestNenoExchangePublicEndpoints" name="test_market_info" time="0.280" /><testcase classname="backend.tests.test_neno_exchange_iteration19.TestNenoExchangePublicEndpoints" name="test_dynamic_price" time="0.106" /><testcase classname="backend.tests.test_neno_exchange_iteration19.TestNenoExchangePublicEndpoints" name="test_buy_quote" time="0.112" /><testcase classname="backend.tests.test_neno_exchange_iteration19.TestNenoExchangePublicEndpoints" name="test_sell_quote" time="0.196" /><testcase classname="backend.tests.test_neno_exchange_iteration19.TestNenoExchangePublicEndpoints" name="test_swap_quote_neno_to_eth" time="0.124" /><testcase classname="backend.tests.test_neno_exchange_iteration19.TestNenoExchangePublicEndpoints" name="test_swap_quote_eth_to_btc" time="0.104" /><testcase classname="backend.tests.test_neno_exchange_iteration19.TestNenoExchangeAuthenticatedEndpoints" name="test_get_transactions" time="0.505" /><testcase classname="backend.tests.test_neno_exchange_iteration19.TestNenoExchangeAuthenticatedEndpoints" name="test_get_wallet_balances" time="0.466" /><testcase classname="backend.tests.test_neno_exchange_iteration19.TestNenoExchangeAuthenticatedEndpoints" name="test_buy_neno_small_amount" time="0.559" /><testcase classname="backend.tests.test_neno_exchange_iteration19.TestNenoExchangeAuthenticatedEndpoints" name="test_sell_neno_small_amount" time="0.550" /><testcase classname="backend.tests.test_neno_exchange_iteration19.TestNenoExchangeAuthenticatedEndpoints" name="test_swap_neno_to_eth" time="0.543" /><testcase classname="backend.tests.test_neno_exchange_iteration19.TestNenoExchangeAuthenticatedEndpoints" name="test_create_token_unique" time="0.443" /><testcase classname="backend.tests.test_neno_exchange_iteration19.TestNenoExchangeAuthenticatedEndpoints" name="test_create_token_duplicate_fails" time="0.453" /><testcase classname="backend.tests.test_neno_exchange_iteration19.TestNenoExchangeAuthenticatedEndpoints" name="test_offramp_bank" time="0.566" /><testcase classname="backend.tests.test_neno_exchange_iteration19.TestNenoExchangeAuthenticatedEndpoints" name="test_offramp_card_requires_card_id" time="0.476" /><testcase classname="backend.tests.test_neno_exchange_iteration19.TestNenoExchangeAuthenticatedEndpoints" name="test_swap_same_asset_fails" time="0.448" /><testcase classname="backend.tests.test_neno_exchange_iteration19.TestNenoExchangeAuthenticatedEndpoints" name="test_buy_insufficient_balance_fails" time="0.103"><error message="failed on setup with &quot;AssertionError: Login failed: {&quot;detail&quot;:&quot;Troppe richieste. Riprova tra poco.&quot;,&quot;retry_after&quot;:55}&#10;assert 429 == 200&#10; +  where 429 = &lt;Response [429]&gt;.status_code&quot;">backend/tests/test_neno_exchange_iteration19.py:148: in setup
    assert response.status_code == 200, f"Login failed: {response.text}"
E   AssertionError: Login failed: {"detail":"Troppe richieste. Riprova tra poco.","retry_after":55}
E   assert 429 == 200
E    +  where 429 = &lt;Response [429]&gt;.status_code</error></testcase><testcase classname="backend.tests.test_neno_exchange_iteration19.TestNenoExchangeCustomTokens" name="test_list_custom_tokens" time="0.099" /><testcase classname="backend.tests.test_neno_exchange_iteration19.TestNenoExchangeCustomTokens" name="test_swap_with_custom_token" time="0.117" /></testsuite></testsuites>