<?xml version="1.0" encoding="utf-8"?><testsuites name="pytest tests"><testsuite name="pytest" errors="0" failures="0" skipped="0" tests="15" time="5.344" timestamp="2026-04-02T01:28:46.785752+00:00" hostname="agent-env-bd5585e3-d62f-4834-841e-d44ec0e50c69"><testcase classname="backend.tests.test_kyc_aml_neno_pricing.TestKYCStatusEndpoint" name="test_kyc_status_returns_tier_info" time="0.456" /><testcase classname="backend.tests.test_kyc_aml_neno_pricing.TestKYCStatusEndpoint" name="test_kyc_status_requires_auth" time="0.109" /><testcase classname="backend.tests.test_kyc_aml_neno_pricing.TestKYCSubmission" name="test_kyc_submit_creates_pending_application" time="0.452" /><testcase classname="backend.tests.test_kyc_aml_neno_pricing.TestKYCSubmission" name="test_kyc_submit_requires_auth" time="0.128" /><testcase classname="backend.tests.test_kyc_aml_neno_pricing.TestKYCAdminEndpoints" name="test_admin_pending_list" time="0.511" /><testcase classname="backend.tests.test_kyc_aml_neno_pricing.TestKYCAdminEndpoints" name="test_admin_pending_requires_admin_role" time="0.452" /><testcase classname="backend.tests.test_kyc_aml_neno_pricing.TestKYCAdminEndpoints" name="test_admin_review_approve_action" time="0.564" /><testcase classname="backend.tests.test_kyc_aml_neno_pricing.TestAMLEndpoints" name="test_aml_alerts_endpoint" time="0.449" /><testcase classname="backend.tests.test_kyc_aml_neno_pricing.TestAMLEndpoints" name="test_aml_stats_endpoint" time="0.450" /><testcase classname="backend.tests.test_kyc_aml_neno_pricing.TestAMLEndpoints" name="test_aml_alerts_requires_admin" time="0.453" /><testcase classname="backend.tests.test_kyc_aml_neno_pricing.TestAMLEndpoints" name="test_aml_stats_requires_admin" time="0.423" /><testcase classname="backend.tests.test_kyc_aml_neno_pricing.TestDynamicNENOPricing" name="test_neno_price_endpoint" time="0.102" /><testcase classname="backend.tests.test_kyc_aml_neno_pricing.TestDynamicNENOPricing" name="test_neno_quote_uses_dynamic_pricing" time="0.106" /><testcase classname="backend.tests.test_kyc_aml_neno_pricing.TestDynamicNENOPricing" name="test_neno_quote_sell_direction" time="0.137" /><testcase classname="backend.tests.test_kyc_aml_neno_pricing.TestNENOExchangeIntegration" name="test_neno_transactions_endpoint" time="0.471" /></testsuite></testsuites>