<?xml version="1.0" encoding="utf-8"?><testsuites name="pytest tests"><testsuite name="pytest" errors="0" failures="0" skipped="0" tests="9" time="32.768" timestamp="2026-04-08T01:14:09.252077+00:00" hostname="agent-env-dc0d84ca-be20-4a39-8bad-ad0b56b456fc"><testcase classname="backend.tests.test_iteration35_strategic_virtual_real.TestStrategicAPIs" name="test_01_real_treasury_returns_onchain_balances" time="6.672" /><testcase classname="backend.tests.test_iteration35_strategic_virtual_real.TestStrategicAPIs" name="test_02_virtual_metrics_returns_warning" time="0.408" /><testcase classname="backend.tests.test_iteration35_strategic_virtual_real.TestStrategicAPIs" name="test_03_reconciliation_compares_real_vs_virtual" time="5.169" /><testcase classname="backend.tests.test_iteration35_strategic_virtual_real.TestStrategicAPIs" name="test_04_payout_guard_neno_allows_small_amount" time="3.186" /><testcase classname="backend.tests.test_iteration35_strategic_virtual_real.TestStrategicAPIs" name="test_05_payout_guard_eth_blocks_insufficient_funds" time="3.096" /><testcase classname="backend.tests.test_iteration35_strategic_virtual_real.TestStrategicAPIs" name="test_06_payout_guard_eur_allows_stripe" time="3.124" /><testcase classname="backend.tests.test_iteration35_strategic_virtual_real.TestStrategicAPIs" name="test_07_ipo_roadmap_returns_5_phases" time="0.435" /><testcase classname="backend.tests.test_iteration35_strategic_virtual_real.TestStrategicAPIs" name="test_08_strategic_apis_require_auth" time="5.043" /><testcase classname="backend.tests.test_iteration35_strategic_virtual_real.TestPayoutGuardIntegration" name="test_09_withdraw_real_eth_blocked_by_payout_guard" time="5.545" /></testsuite></testsuites>