<?xml version="1.0" encoding="utf-8"?><testsuites name="pytest tests"><testsuite name="pytest" errors="0" failures="0" skipped="0" tests="28" time="42.663" timestamp="2026-04-08T20:19:12.183429+00:00" hostname="agent-env-dc0d84ca-be20-4a39-8bad-ad0b56b456fc"><testcase classname="backend.tests.test_iteration39_live_execution.TestLiveExecutionLayer" name="test_01_health_check" time="1.314" /><testcase classname="backend.tests.test_iteration39_live_execution.TestLiveExecutionLayer" name="test_02_pipeline_assess_requires_auth" time="2.496" /><testcase classname="backend.tests.test_iteration39_live_execution.TestLiveExecutionLayer" name="test_03_pipeline_assess_returns_data" time="3.687" /><testcase classname="backend.tests.test_iteration39_live_execution.TestLiveExecutionLayer" name="test_04_pipeline_execute_requires_admin" time="0.135" /><testcase classname="backend.tests.test_iteration39_live_execution.TestLiveExecutionLayer" name="test_05_dex_quote_requires_auth" time="0.122" /><testcase classname="backend.tests.test_iteration39_live_execution.TestLiveExecutionLayer" name="test_06_dex_quote_neno_to_usdc" time="2.577" /><testcase classname="backend.tests.test_iteration39_live_execution.TestLiveExecutionLayer" name="test_07_dex_quote_bnb_to_usdc" time="0.439" /><testcase classname="backend.tests.test_iteration39_live_execution.TestLiveExecutionLayer" name="test_08_dex_liquidity_requires_auth" time="2.154" /><testcase classname="backend.tests.test_iteration39_live_execution.TestLiveExecutionLayer" name="test_09_dex_liquidity_neno" time="0.387" /><testcase classname="backend.tests.test_iteration39_live_execution.TestLiveExecutionLayer" name="test_10_dex_history_requires_auth" time="2.192" /><testcase classname="backend.tests.test_iteration39_live_execution.TestLiveExecutionLayer" name="test_11_dex_history_returns_swaps" time="0.107" /><testcase classname="backend.tests.test_iteration39_live_execution.TestLiveExecutionLayer" name="test_12_pipeline_history_requires_auth" time="0.111" /><testcase classname="backend.tests.test_iteration39_live_execution.TestLiveExecutionLayer" name="test_13_pipeline_history_returns_executions" time="0.155" /><testcase classname="backend.tests.test_iteration39_live_execution.TestLiveExecutionLayer" name="test_14_sync_state_requires_auth" time="0.098" /><testcase classname="backend.tests.test_iteration39_live_execution.TestLiveExecutionLayer" name="test_15_sync_state_returns_real_mode" time="3.052" /><testcase classname="backend.tests.test_iteration39_live_execution.TestLiveExecutionLayer" name="test_16_instant_withdraw_status_requires_auth" time="0.134" /><testcase classname="backend.tests.test_iteration39_live_execution.TestLiveExecutionLayer" name="test_17_instant_withdraw_status_active" time="0.110" /><testcase classname="backend.tests.test_iteration39_live_execution.TestLiveExecutionLayer" name="test_18_reconciliation_requires_auth" time="0.164" /><testcase classname="backend.tests.test_iteration39_live_execution.TestLiveExecutionLayer" name="test_19_reconciliation_system_healthy" time="3.610" /><testcase classname="backend.tests.test_iteration39_live_execution.TestLiveExecutionLayer" name="test_20_cashout_report_requires_auth" time="0.102" /><testcase classname="backend.tests.test_iteration39_live_execution.TestLiveExecutionLayer" name="test_21_cashout_report_comprehensive" time="3.165" /><testcase classname="backend.tests.test_iteration39_live_execution.TestLiveExecutionLayer" name="test_22_circle_wallets_requires_auth" time="0.123" /><testcase classname="backend.tests.test_iteration39_live_execution.TestLiveExecutionLayer" name="test_23_circle_wallets_3_segregated" time="2.956" /><testcase classname="backend.tests.test_iteration39_live_execution.TestLiveExecutionLayer" name="test_24_dex_swap_requires_admin" time="0.130" /><testcase classname="backend.tests.test_iteration39_live_execution.TestLiveExecutionLayer" name="test_25_convert_neno_requires_admin" time="0.106" /><testcase classname="backend.tests.test_iteration39_live_execution.TestLiveExecutionLayer" name="test_26_hot_wallet_consistency" time="6.540" /><testcase classname="backend.tests.test_iteration39_live_execution.TestLiveExecutionLayer" name="test_27_usdc_wallets_consistency" time="6.281" /><testcase classname="backend.tests.test_iteration39_live_execution.TestLiveExecutionLayer" name="test_28_verify_real_tx_hashes" time="0.112" /></testsuite></testsuites>