<?xml version="1.0" encoding="utf-8"?><testsuites name="pytest tests"><testsuite name="pytest" errors="0" failures="0" skipped="0" tests="30" time="30.666" timestamp="2026-04-10T09:13:45.745852+00:00" hostname="agent-env-dc0d84ca-be20-4a39-8bad-ad0b56b456fc"><testcase classname="backend.tests.test_iteration45_final_production.TestAuthAndHealth" name="test_01_health_check" time="1.267" /><testcase classname="backend.tests.test_iteration45_final_production.TestAuthAndHealth" name="test_02_admin_login" time="0.331" /><testcase classname="backend.tests.test_iteration45_final_production.TestAuthAndHealth" name="test_03_user_login" time="2.411" /><testcase classname="backend.tests.test_iteration45_final_production.TestAuthAndHealth" name="test_04_auth_me" time="0.103" /><testcase classname="backend.tests.test_iteration45_final_production.TestWalletAndNENO" name="test_05_wallet_balances" time="0.101" /><testcase classname="backend.tests.test_iteration45_final_production.TestWalletAndNENO" name="test_06_neno_pricing" time="2.395" /><testcase classname="backend.tests.test_iteration45_final_production.TestWalletAndNENO" name="test_07_neno_quote_buy" time="0.321" /><testcase classname="backend.tests.test_iteration45_final_production.TestWalletAndNENO" name="test_08_neno_quote_sell" time="2.369" /><testcase classname="backend.tests.test_iteration45_final_production.TestPipelineAndStripeWebhook" name="test_09_pipeline_status" time="0.248" /><testcase classname="backend.tests.test_iteration45_final_production.TestPipelineAndStripeWebhook" name="test_10_pipeline_deposits_history" time="0.106" /><testcase classname="backend.tests.test_iteration45_final_production.TestPipelineAndStripeWebhook" name="test_11_pipeline_payouts_history_admin" time="0.128" /><testcase classname="backend.tests.test_iteration45_final_production.TestPipelineAndStripeWebhook" name="test_12_auto_payout_check_admin" time="2.236" /><testcase classname="backend.tests.test_iteration45_final_production.TestPipelineAndStripeWebhook" name="test_13_stripe_webhook_missing_signature" time="0.116" /><testcase classname="backend.tests.test_iteration45_final_production.TestPipelineAndStripeWebhook" name="test_14_stripe_webhook_invalid_signature" time="0.106" /><testcase classname="backend.tests.test_iteration45_final_production.TestInstitutionalLiquidityRouter" name="test_15_router_status" time="2.537" /><testcase classname="backend.tests.test_iteration45_final_production.TestInstitutionalLiquidityRouter" name="test_16_router_quote_btc" time="0.268" /><testcase classname="backend.tests.test_iteration45_final_production.TestInstitutionalLiquidityRouter" name="test_17_router_quote_neno" time="2.317" /><testcase classname="backend.tests.test_iteration45_final_production.TestInstitutionalLiquidityRouter" name="test_18_router_quote_validation_zero_amount" time="0.126" /><testcase classname="backend.tests.test_iteration45_final_production.TestInstitutionalLiquidityRouter" name="test_19_router_venues" time="0.092" /><testcase classname="backend.tests.test_iteration45_final_production.TestInstitutionalLiquidityRouter" name="test_20_router_fallback_matrix" time="0.107" /><testcase classname="backend.tests.test_iteration45_final_production.TestKYCProvider" name="test_21_kyc_create_applicant" time="2.080" /><testcase classname="backend.tests.test_iteration45_final_production.TestKYCProvider" name="test_22_kyc_status" time="0.096" /><testcase classname="backend.tests.test_iteration45_final_production.TestKYCProvider" name="test_23_kyc_provider_status_admin" time="0.101" /><testcase classname="backend.tests.test_iteration45_final_production.TestKYCProvider" name="test_24_kyc_webhook" time="0.115" /><testcase classname="backend.tests.test_iteration45_final_production.TestCashoutAndGrowth" name="test_25_cashout_report" time="3.169" /><testcase classname="backend.tests.test_iteration45_final_production.TestCashoutAndGrowth" name="test_26_growth_dashboard" time="0.138" /><testcase classname="backend.tests.test_iteration45_final_production.TestCashoutAndGrowth" name="test_27_admin_audit_logs" time="0.143" /><testcase classname="backend.tests.test_iteration45_final_production.TestIdempotencyOnFinancialOps" name="test_28_neno_buy_idempotency" time="0.205" /><testcase classname="backend.tests.test_iteration45_final_production.TestIdempotencyOnFinancialOps" name="test_29_neno_sell_idempotency" time="5.074" /><testcase classname="backend.tests.test_iteration45_final_production.TestIdempotencyOnFinancialOps" name="test_30_neno_swap_idempotency" time="1.760" /></testsuite></testsuites>