<?xml version="1.0" encoding="utf-8"?><testsuites name="pytest tests"><testsuite name="pytest" errors="0" failures="0" skipped="0" tests="18" time="3.036" timestamp="2026-04-02T03:05:28.728171+00:00" hostname="agent-env-bd5585e3-d62f-4834-841e-d44ec0e50c69"><testcase classname="backend.tests.test_iteration13_features.TestAdminAuditStats" name="test_audit_stats_requires_admin" time="0.565" /><testcase classname="backend.tests.test_iteration13_features.TestAdminAuditStats" name="test_audit_stats_admin_access" time="0.466" /><testcase classname="backend.tests.test_iteration13_features.TestAdminAuditLogs" name="test_audit_logs_requires_admin" time="0.119" /><testcase classname="backend.tests.test_iteration13_features.TestAdminAuditLogs" name="test_audit_logs_admin_access" time="0.151" /><testcase classname="backend.tests.test_iteration13_features.TestAdminAuditExportCSV" name="test_audit_export_requires_admin" time="0.110" /><testcase classname="backend.tests.test_iteration13_features.TestAdminAuditExportCSV" name="test_audit_export_csv_admin" time="0.106" /><testcase classname="backend.tests.test_iteration13_features.TestExportTradesCSV" name="test_export_trades_requires_auth" time="0.100" /><testcase classname="backend.tests.test_iteration13_features.TestExportTradesCSV" name="test_export_trades_csv" time="0.133" /><testcase classname="backend.tests.test_iteration13_features.TestExportPortfolioCSV" name="test_export_portfolio_csv" time="0.124" /><testcase classname="backend.tests.test_iteration13_features.TestExportMarginCSV" name="test_export_margin_csv" time="0.110" /><testcase classname="backend.tests.test_iteration13_features.TestNiumOnboardingStatus" name="test_nium_status_requires_auth" time="0.106" /><testcase classname="backend.tests.test_iteration13_features.TestNiumOnboardingStatus" name="test_nium_status" time="0.218" /><testcase classname="backend.tests.test_iteration13_features.TestNiumCreateCustomer" name="test_nium_create_customer" time="0.101" /><testcase classname="backend.tests.test_iteration13_features.TestNenoExchangeMarket" name="test_neno_market_info" time="0.105" /><testcase classname="backend.tests.test_iteration13_features.TestNenoExchangePrice" name="test_neno_price_with_rate_limit_headers" time="0.106" /><testcase classname="backend.tests.test_iteration13_features.TestRateLimitMiddleware" name="test_rate_limit_headers_on_api_calls" time="0.106" /><testcase classname="backend.tests.test_iteration13_features.TestMonitoringArchitecture" name="test_architecture_plan" time="0.111" /><testcase classname="backend.tests.test_iteration13_features.TestWebSocketOrderbook" name="test_ws_status_endpoint" time="0.110" /></testsuite></testsuites>