<?xml version="1.0" encoding="utf-8"?><testsuites name="pytest tests"><testsuite name="pytest" errors="0" failures="0" skipped="0" tests="25" time="19.765" timestamp="2026-04-09T01:21:25.870778+00:00" hostname="agent-env-dc0d84ca-be20-4a39-8bad-ad0b56b456fc"><testcase classname="backend.tests.test_iteration42_card_growth_monetization.TestAuthAndRoles" name="test_01_admin_login_returns_token_with_admin_role" time="0.936" /><testcase classname="backend.tests.test_iteration42_card_growth_monetization.TestAuthAndRoles" name="test_02_regular_user_login_returns_user_role" time="2.561" /><testcase classname="backend.tests.test_iteration42_card_growth_monetization.TestCardIssuingEngine" name="test_03_card_provider_info" time="0.105" /><testcase classname="backend.tests.test_iteration42_card_growth_monetization.TestCardIssuingEngine" name="test_04_issue_virtual_card" time="0.114" /><testcase classname="backend.tests.test_iteration42_card_growth_monetization.TestCardIssuingEngine" name="test_05_card_reveal_without_2fa_returns_403" time="2.261" /><testcase classname="backend.tests.test_iteration42_card_growth_monetization.TestCardIssuingEngine" name="test_06_card_reveal_with_otp_returns_full_details" time="0.251" /><testcase classname="backend.tests.test_iteration42_card_growth_monetization.TestCardIssuingEngine" name="test_07_card_authorize_checks_balance" time="2.293" /><testcase classname="backend.tests.test_iteration42_card_growth_monetization.TestCardIssuingEngine" name="test_08_card_settlement_requires_valid_auth" time="0.110" /><testcase classname="backend.tests.test_iteration42_card_growth_monetization.TestCardIssuingEngine" name="test_09_card_monetization_admin_only" time="0.118" /><testcase classname="backend.tests.test_iteration42_card_growth_monetization.TestCardIssuingEngine" name="test_10_card_monetization_non_admin_returns_403" time="0.120" /><testcase classname="backend.tests.test_iteration42_card_growth_monetization.TestGrowthAnalytics" name="test_11_growth_dashboard_admin_only" time="2.131" /><testcase classname="backend.tests.test_iteration42_card_growth_monetization.TestGrowthAnalytics" name="test_12_growth_dashboard_non_admin_returns_403" time="0.130" /><testcase classname="backend.tests.test_iteration42_card_growth_monetization.TestGrowthAnalytics" name="test_13_growth_revenue_breakdown" time="0.115" /><testcase classname="backend.tests.test_iteration42_card_growth_monetization.TestGrowthAnalytics" name="test_14_growth_revenue_non_admin_returns_403" time="0.127" /><testcase classname="backend.tests.test_iteration42_card_growth_monetization.TestGrowthAnalytics" name="test_15_growth_daily_revenue" time="0.109" /><testcase classname="backend.tests.test_iteration42_card_growth_monetization.TestIncentiveEngine" name="test_16_my_tier_returns_cashback_tier" time="2.092" /><testcase classname="backend.tests.test_iteration42_card_growth_monetization.TestIncentiveEngine" name="test_17_my_rewards_returns_summary" time="0.123" /><testcase classname="backend.tests.test_iteration42_card_growth_monetization.TestIncentiveEngine" name="test_18_claim_topup_bonus" time="0.120" /><testcase classname="backend.tests.test_iteration42_card_growth_monetization.TestReferralViralLoop" name="test_19_viral_stats_returns_network_metrics" time="0.115" /><testcase classname="backend.tests.test_iteration42_card_growth_monetization.TestReferralViralLoop" name="test_20_referral_code_endpoint" time="0.121" /><testcase classname="backend.tests.test_iteration42_card_growth_monetization.TestReferralViralLoop" name="test_21_referral_stats_endpoint" time="2.095" /><testcase classname="backend.tests.test_iteration42_card_growth_monetization.TestCashoutRevenueWithdraw" name="test_22_revenue_withdraw_admin_only" time="3.164" /><testcase classname="backend.tests.test_iteration42_card_growth_monetization.TestCashoutRevenueWithdraw" name="test_23_revenue_withdraw_non_admin_returns_403" time="0.120" /><testcase classname="backend.tests.test_iteration42_card_growth_monetization.TestCashoutRevenueWithdraw" name="test_24_revenue_history_returns_list" time="0.117" /><testcase classname="backend.tests.test_iteration42_card_growth_monetization.TestHealthAndBasics" name="test_25_health_check" time="0.120" /></testsuite></testsuites>