<?xml version="1.0" encoding="utf-8"?><testsuites name="pytest tests"><testsuite name="pytest" errors="0" failures="0" skipped="0" tests="28" time="57.878" timestamp="2026-04-08T10:28:00.650613+00:00" hostname="agent-env-dc0d84ca-be20-4a39-8bad-ad0b56b456fc"><testcase classname="tests.test_iteration38_realtime_sync.TestIteration38RealtimeSync" name="test_01_health_check" time="5.480" /><testcase classname="tests.test_iteration38_realtime_sync.TestIteration38RealtimeSync" name="test_02_admin_login" time="0.334" /><testcase classname="tests.test_iteration38_realtime_sync.TestIteration38RealtimeSync" name="test_03_sync_state_full" time="5.113" /><testcase classname="tests.test_iteration38_realtime_sync.TestIteration38RealtimeSync" name="test_04_sync_state_platform" time="3.121" /><testcase classname="tests.test_iteration38_realtime_sync.TestIteration38RealtimeSync" name="test_05_sync_state_usdc_wallets_verified" time="3.120" /><testcase classname="tests.test_iteration38_realtime_sync.TestIteration38RealtimeSync" name="test_06_sync_state_hot_wallet_available" time="3.134" /><testcase classname="tests.test_iteration38_realtime_sync.TestIteration38RealtimeSync" name="test_07_instant_withdraw_status" time="0.164" /><testcase classname="tests.test_iteration38_realtime_sync.TestIteration38RealtimeSync" name="test_08_instant_withdraw_eur_routing_config" time="0.133" /><testcase classname="tests.test_iteration38_realtime_sync.TestIteration38RealtimeSync" name="test_09_sync_reconciliation" time="3.788" /><testcase classname="tests.test_iteration38_realtime_sync.TestIteration38RealtimeSync" name="test_10_reconciliation_system_healthy" time="3.680" /><testcase classname="tests.test_iteration38_realtime_sync.TestIteration38RealtimeSync" name="test_11_cashout_status" time="0.107" /><testcase classname="tests.test_iteration38_realtime_sync.TestIteration38RealtimeSync" name="test_12_cashout_report" time="3.144" /><testcase classname="tests.test_iteration38_realtime_sync.TestIteration38RealtimeSync" name="test_13_circle_wallets_balances" time="3.009" /><testcase classname="tests.test_iteration38_realtime_sync.TestIteration38RealtimeSync" name="test_14_circle_auto_op_status" time="0.104" /><testcase classname="tests.test_iteration38_realtime_sync.TestIteration38RealtimeSync" name="test_15_sync_state_requires_auth" time="0.113" /><testcase classname="tests.test_iteration38_realtime_sync.TestIteration38RealtimeSync" name="test_16_sync_state_platform_requires_auth" time="0.106" /><testcase classname="tests.test_iteration38_realtime_sync.TestIteration38RealtimeSync" name="test_17_instant_withdraw_status_requires_auth" time="0.096" /><testcase classname="tests.test_iteration38_realtime_sync.TestIteration38RealtimeSync" name="test_18_sync_reconciliation_requires_auth" time="2.159" /><testcase classname="tests.test_iteration38_realtime_sync.TestIteration38RealtimeSync" name="test_19_cashout_status_requires_auth" time="0.116" /><testcase classname="tests.test_iteration38_realtime_sync.TestIteration38RealtimeSync" name="test_20_cashout_report_requires_auth" time="0.097" /><testcase classname="tests.test_iteration38_realtime_sync.TestIteration38RealtimeSync" name="test_21_sync_state_data_consistency" time="5.978" /><testcase classname="tests.test_iteration38_realtime_sync.TestIteration38RealtimeSync" name="test_22_hot_wallet_data_consistency" time="6.278" /><testcase classname="tests.test_iteration38_realtime_sync.TestIteration38RealtimeSync" name="test_23_platform_metrics_present" time="1.038" /><testcase classname="tests.test_iteration38_realtime_sync.TestIteration38RealtimeSync" name="test_24_cashout_pipeline_present" time="0.990" /><testcase classname="tests.test_iteration38_realtime_sync.TestIteration38RealtimeSync" name="test_25_eventbus_log_exists" time="0.988" /><testcase classname="tests.test_iteration38_realtime_sync.TestIteration38RealtimeSync" name="test_26_instant_withdraw_metrics" time="0.101" /><testcase classname="tests.test_iteration38_realtime_sync.TestIteration38RealtimeSync" name="test_27_reconciliation_details" time="1.573" /><testcase classname="tests.test_iteration38_realtime_sync.TestIteration38RealtimeSync" name="test_28_all_sync_endpoints_return_json" time="3.708" /></testsuite></testsuites>