<?xml version="1.0" encoding="utf-8"?><testsuites name="pytest tests"><testsuite name="pytest" errors="2" failures="0" skipped="0" tests="17" time="46.009" timestamp="2026-04-07T04:51:52.315945+00:00" hostname="agent-env-dc0d84ca-be20-4a39-8bad-ad0b56b456fc"><testcase classname="backend.tests.test_market_maker_iteration31.TestMarketMakerPricing" name="test_01_mm_pricing_public" time="0.253" /><testcase classname="backend.tests.test_market_maker_iteration31.TestMarketMakerPricing" name="test_02_neno_exchange_price_with_mm" time="1.038" /><testcase classname="backend.tests.test_market_maker_iteration31.TestMarketMakerPricing" name="test_03_neno_exchange_market_with_mm" time="0.172" /><testcase classname="backend.tests.test_market_maker_iteration31.TestMarketMakerQuotes" name="test_04_quote_buy_uses_ask_price" time="0.120" /><testcase classname="backend.tests.test_market_maker_iteration31.TestMarketMakerQuotes" name="test_05_quote_sell_uses_bid_price" time="0.143" /><testcase classname="backend.tests.test_market_maker_iteration31.TestMarketMakerAuthEndpoints" name="test_06_mm_treasury_requires_auth" time="3.280" /><testcase classname="backend.tests.test_market_maker_iteration31.TestMarketMakerAuthEndpoints" name="test_07_mm_pnl_requires_auth" time="4.798" /><testcase classname="backend.tests.test_market_maker_iteration31.TestMarketMakerAuthEndpoints" name="test_08_mm_risk_dashboard" time="2.553" /><testcase classname="backend.tests.test_market_maker_iteration31.TestMarketMakerAuthEndpoints" name="test_09_mm_order_book" time="4.663" /><testcase classname="backend.tests.test_market_maker_iteration31.TestMarketMakerTrades" name="test_10_buy_neno_with_mm" time="7.172" /><testcase classname="backend.tests.test_market_maker_iteration31.TestMarketMakerTrades" name="test_11_sell_neno_with_mm" time="9.299" /><testcase classname="backend.tests.test_market_maker_iteration31.TestMarketMakerPnLTracking" name="test_12_pnl_ledger_after_trades" time="0.472" /><testcase classname="backend.tests.test_market_maker_iteration31.TestCryptoOfframpFallback" name="test_13_crypto_offramp_path" time="2.439" /><testcase classname="backend.tests.test_market_maker_iteration31.TestTreasuryAssetInventory" name="test_14_treasury_asset_breakdown" time="4.648" /><testcase classname="backend.tests.test_market_maker_iteration31.TestTreasuryAssetInventory" name="test_15_treasury_eur_inventory" time="4.618" /><testcase classname="backend.tests.test_market_maker_iteration31.TestSwapWithMMPricing" name="test_16_swap_quote_with_mm" time="0.103"><error message="failed on setup with &quot;AssertionError: Login failed: {&quot;detail&quot;:&quot;Troppe richieste. Riprova tra poco.&quot;,&quot;retry_after&quot;:17}&#10;assert 429 == 200&#10; +  where 429 = &lt;Response [429]&gt;.status_code&quot;">backend/tests/test_market_maker_iteration31.py:440: in setup
    assert response.status_code == 200, f"Login failed: {response.text}"
E   AssertionError: Login failed: {"detail":"Troppe richieste. Riprova tra poco.","retry_after":17}
E   assert 429 == 200
E    +  where 429 = &lt;Response [429]&gt;.status_code</error></testcase><testcase classname="backend.tests.test_market_maker_iteration31.TestSwapWithMMPricing" name="test_17_swap_execution_with_mm" time="0.111"><error message="failed on setup with &quot;AssertionError: Login failed: {&quot;detail&quot;:&quot;Troppe richieste. Riprova tra poco.&quot;,&quot;retry_after&quot;:16}&#10;assert 429 == 200&#10; +  where 429 = &lt;Response [429]&gt;.status_code&quot;">backend/tests/test_market_maker_iteration31.py:440: in setup
    assert response.status_code == 200, f"Login failed: {response.text}"
E   AssertionError: Login failed: {"detail":"Troppe richieste. Riprova tra poco.","retry_after":16}
E   assert 429 == 200
E    +  where 429 = &lt;Response [429]&gt;.status_code</error></testcase></testsuite></testsuites>