<?xml version="1.0" encoding="utf-8"?><testsuites name="pytest tests"><testsuite name="pytest" errors="0" failures="1" skipped="0" tests="15" time="16.472" timestamp="2026-04-03T10:23:01.887991+00:00" hostname="agent-env-dc0d84ca-be20-4a39-8bad-ad0b56b456fc"><testcase classname="backend.tests.test_iteration25_deposit_widget.TestHealthAndAuth" name="test_health_endpoint" time="0.893" /><testcase classname="backend.tests.test_iteration25_deposit_widget.TestHealthAndAuth" name="test_login_success" time="0.401" /><testcase classname="backend.tests.test_iteration25_deposit_widget.TestPlatformWallet" name="test_platform_wallet_returns_correct_address" time="2.168" /><testcase classname="backend.tests.test_iteration25_deposit_widget.TestPlatformWallet" name="test_platform_wallet_has_usage_info" time="0.123" /><testcase classname="backend.tests.test_iteration25_deposit_widget.TestNenoExchangeSell" name="test_sell_insufficient_balance_shows_italian_error" time="2.571" /><testcase classname="backend.tests.test_iteration25_deposit_widget.TestNenoExchangeSell" name="test_sell_valid_amount_returns_success" time="0.284" /><testcase classname="backend.tests.test_iteration25_deposit_widget.TestNenoExchangeBuy" name="test_buy_returns_success_with_settlement" time="2.214" /><testcase classname="backend.tests.test_iteration25_deposit_widget.TestNenoExchangeSwap" name="test_swap_neno_to_eth_returns_success" time="0.200" /><testcase classname="backend.tests.test_iteration25_deposit_widget.TestNenoExchangeSwap" name="test_swap_same_asset_fails" time="0.105" /><testcase classname="backend.tests.test_iteration25_deposit_widget.TestVerifyDeposit" name="test_verify_deposit_invalid_tx_hash_format" time="0.110" /><testcase classname="backend.tests.test_iteration25_deposit_widget.TestVerifyDeposit" name="test_verify_deposit_fake_tx_hash" time="2.146"><failure message="assert 500 in [400, 404, 503]&#10; +  where 500 = &lt;Response [500]&gt;.status_code">backend/tests/test_iteration25_deposit_widget.py:220: in test_verify_deposit_fake_tx_hash
    assert response.status_code in [400, 404, 503]
E   assert 500 in [400, 404, 503]
E    +  where 500 = &lt;Response [500]&gt;.status_code</failure></testcase><testcase classname="backend.tests.test_iteration25_deposit_widget.TestMarketAndPrice" name="test_market_info_endpoint" time="0.167" /><testcase classname="backend.tests.test_iteration25_deposit_widget.TestMarketAndPrice" name="test_price_endpoint" time="0.105" /><testcase classname="backend.tests.test_iteration25_deposit_widget.TestMarketAndPrice" name="test_quote_endpoint" time="2.165" /><testcase classname="backend.tests.test_iteration25_deposit_widget.TestContractInfo" name="test_contract_info_endpoint" time="2.716" /></testsuite></testsuites>