<?xml version="1.0" encoding="utf-8"?><testsuites name="pytest tests"><testsuite name="pytest" errors="0" failures="0" skipped="0" tests="54" time="80.924" timestamp="2026-03-31T03:29:05.118963+00:00" hostname="agent-env-86d1efcc-b8da-4f21-b673-c5a872c8d599"><testcase classname="backend.tests.test_full_platform_e2e.TestAuth" name="test_01_health_check" time="0.165" /><testcase classname="backend.tests.test_full_platform_e2e.TestAuth" name="test_02_regular_user_login" time="0.349" /><testcase classname="backend.tests.test_full_platform_e2e.TestAuth" name="test_03_admin_user_login" time="0.328" /><testcase classname="backend.tests.test_full_platform_e2e.TestAuth" name="test_04_get_current_user" time="0.473" /><testcase classname="backend.tests.test_full_platform_e2e.TestTradingEngine" name="test_05_get_trading_pairs" time="0.107" /><testcase classname="backend.tests.test_full_platform_e2e.TestTradingEngine" name="test_06_get_btc_eur_ticker" time="0.114" /><testcase classname="backend.tests.test_full_platform_e2e.TestTradingEngine" name="test_07_get_neno_eur_ticker" time="0.107" /><testcase classname="backend.tests.test_full_platform_e2e.TestTradingEngine" name="test_08_get_orderbook" time="0.100" /><testcase classname="backend.tests.test_full_platform_e2e.TestTradingEngine" name="test_09_get_candles" time="0.128" /><testcase classname="backend.tests.test_full_platform_e2e.TestTradingEngine" name="test_10_market_buy_order" time="0.464" /><testcase classname="backend.tests.test_full_platform_e2e.TestTradingEngine" name="test_11_limit_sell_order" time="0.109" /><testcase classname="backend.tests.test_full_platform_e2e.TestTradingEngine" name="test_12_stop_loss_order" time="0.107" /><testcase classname="backend.tests.test_full_platform_e2e.TestTradingEngine" name="test_13_take_profit_order" time="0.116" /><testcase classname="backend.tests.test_full_platform_e2e.TestTradingEngine" name="test_14_cancel_order" time="0.225" /><testcase classname="backend.tests.test_full_platform_e2e.TestTradingEngine" name="test_15_get_my_orders" time="0.119" /><testcase classname="backend.tests.test_full_platform_e2e.TestCardManagement" name="test_16_get_my_cards" time="0.437" /><testcase classname="backend.tests.test_full_platform_e2e.TestCardManagement" name="test_17_create_virtual_card" time="0.123" /><testcase classname="backend.tests.test_full_platform_e2e.TestCardManagement" name="test_18_create_physical_card_without_address" time="0.129" /><testcase classname="backend.tests.test_full_platform_e2e.TestCardManagement" name="test_19_create_physical_card_with_address" time="0.100" /><testcase classname="backend.tests.test_full_platform_e2e.TestCardManagement" name="test_20_card_top_up" time="0.224" /><testcase classname="backend.tests.test_full_platform_e2e.TestCardManagement" name="test_21_card_freeze" time="0.226" /><testcase classname="backend.tests.test_full_platform_e2e.TestCardManagement" name="test_22_get_shipping_status" time="0.227" /><testcase classname="backend.tests.test_full_platform_e2e.TestWalletSettlement" name="test_23_deposit_to_wallet" time="0.455" /><testcase classname="backend.tests.test_full_platform_e2e.TestWalletSettlement" name="test_24_get_wallet_balances" time="37.235" /><testcase classname="backend.tests.test_full_platform_e2e.TestWalletSettlement" name="test_25_convert_crypto_to_fiat" time="0.291" /><testcase classname="backend.tests.test_full_platform_e2e.TestWalletSettlement" name="test_26_convert_crypto_to_crypto" time="7.436" /><testcase classname="backend.tests.test_full_platform_e2e.TestWalletSettlement" name="test_27_convert_fiat_to_crypto" time="1.241" /><testcase classname="backend.tests.test_full_platform_e2e.TestWalletSettlement" name="test_28_fund_card_from_crypto" time="0.355" /><testcase classname="backend.tests.test_full_platform_e2e.TestWalletSettlement" name="test_29_get_settlements" time="0.113" /><testcase classname="backend.tests.test_full_platform_e2e.TestWalletSettlement" name="test_30_get_conversion_rates" time="0.102" /><testcase classname="backend.tests.test_full_platform_e2e.TestMultiChainWallet" name="test_31_get_supported_chains" time="0.638" /><testcase classname="backend.tests.test_full_platform_e2e.TestMultiChainWallet" name="test_32_link_wallet" time="2.010" /><testcase classname="backend.tests.test_full_platform_e2e.TestMultiChainWallet" name="test_33_get_multichain_balances" time="0.110" /><testcase classname="backend.tests.test_full_platform_e2e.TestMultiChainWallet" name="test_34_sync_chain" time="1.667" /><testcase classname="backend.tests.test_full_platform_e2e.TestMultiChainWallet" name="test_35_get_linked_wallets" time="0.117" /><testcase classname="backend.tests.test_full_platform_e2e.TestBankingRails" name="test_36_assign_iban" time="20.143" /><testcase classname="backend.tests.test_full_platform_e2e.TestBankingRails" name="test_37_get_my_ibans" time="0.107" /><testcase classname="backend.tests.test_full_platform_e2e.TestBankingRails" name="test_38_sepa_deposit" time="0.100" /><testcase classname="backend.tests.test_full_platform_e2e.TestBankingRails" name="test_39_sepa_withdraw" time="0.233" /><testcase classname="backend.tests.test_full_platform_e2e.TestBankingRails" name="test_40_get_banking_transactions" time="0.101" /><testcase classname="backend.tests.test_full_platform_e2e.TestBankingRails" name="test_41_admin_banking_overview" time="0.435" /><testcase classname="backend.tests.test_full_platform_e2e.TestBankingRails" name="test_42_admin_banking_forbidden_for_user" time="0.112" /><testcase classname="backend.tests.test_full_platform_e2e.TestPaperTrading" name="test_43_paper_trade" time="0.451" /><testcase classname="backend.tests.test_full_platform_e2e.TestPaperTrading" name="test_44_get_paper_portfolio" time="0.103" /><testcase classname="backend.tests.test_full_platform_e2e.TestPaperTrading" name="test_45_reset_paper_portfolio" time="0.106" /><testcase classname="backend.tests.test_full_platform_e2e.TestMarginTrading" name="test_46_create_margin_account" time="0.457" /><testcase classname="backend.tests.test_full_platform_e2e.TestMarginTrading" name="test_47_get_margin_account" time="0.098" /><testcase classname="backend.tests.test_full_platform_e2e.TestMarginTrading" name="test_48_get_margin_positions" time="0.124" /><testcase classname="backend.tests.test_full_platform_e2e.TestWebSocketInfra" name="test_49_websocket_status" time="0.101" /><testcase classname="backend.tests.test_full_platform_e2e.TestAdminStats" name="test_50_trading_stats_admin" time="0.448" /><testcase classname="backend.tests.test_full_platform_e2e.TestAdminStats" name="test_51_trading_stats_forbidden_for_user" time="0.443" /><testcase classname="backend.tests.test_full_platform_e2e.TestTokensSubscriptions" name="test_52_get_tokens" time="0.470" /><testcase classname="backend.tests.test_full_platform_e2e.TestTokensSubscriptions" name="test_53_get_subscription_plans" time="0.115" /><testcase classname="backend.tests.test_full_platform_e2e.TestMarketData" name="test_54_get_market_data" time="0.404" /></testsuite></testsuites>