<?xml version="1.0" encoding="utf-8"?><testsuites name="pytest tests"><testsuite name="pytest" errors="0" failures="0" skipped="0" tests="21" time="5.716" timestamp="2026-03-09T08:11:34.420924+00:00" hostname="agent-env-290006d8-818b-4113-a59f-446479f62879"><testcase classname="tests.test_audit_and_exchange.TestHealthCheck" name="test_health_endpoint" time="0.198" /><testcase classname="tests.test_audit_and_exchange.TestHealthCheck" name="test_root_endpoint" time="0.107" /><testcase classname="tests.test_audit_and_exchange.TestAuditAPI" name="test_create_audit_session" time="0.097" /><testcase classname="tests.test_audit_and_exchange.TestAuditAPI" name="test_create_audit_session_sell_mode" time="0.112" /><testcase classname="tests.test_audit_and_exchange.TestAuditAPI" name="test_log_audit_event" time="0.225" /><testcase classname="tests.test_audit_and_exchange.TestAuditAPI" name="test_log_multiple_events" time="0.420" /><testcase classname="tests.test_audit_and_exchange.TestAuditAPI" name="test_log_event_invalid_type" time="0.200" /><testcase classname="tests.test_audit_and_exchange.TestAuditAPI" name="test_get_timeline" time="0.547" /><testcase classname="tests.test_audit_and_exchange.TestAuditAPI" name="test_get_timeline_not_found" time="0.103" /><testcase classname="tests.test_audit_and_exchange.TestAuditAPI" name="test_export_session_report" time="0.315" /><testcase classname="tests.test_audit_and_exchange.TestAuditAPI" name="test_export_not_found" time="0.097" /><testcase classname="tests.test_audit_and_exchange.TestAuditAPI" name="test_get_event_types" time="0.109" /><testcase classname="tests.test_audit_and_exchange.TestAuditAPI" name="test_close_session" time="0.205" /><testcase classname="tests.test_audit_and_exchange.TestAuditAPI" name="test_get_session" time="0.210" /><testcase classname="tests.test_audit_and_exchange.TestExchangeAPI" name="test_exchange_status" time="0.097" /><testcase classname="tests.test_audit_and_exchange.TestExchangeAPI" name="test_exchange_balances" time="0.280" /><testcase classname="tests.test_audit_and_exchange.TestAuthAPI" name="test_register_user" time="0.551" /><testcase classname="tests.test_audit_and_exchange.TestAuthAPI" name="test_register_duplicate_email" time="0.677" /><testcase classname="tests.test_audit_and_exchange.TestAuthAPI" name="test_login_user" time="0.896" /><testcase classname="tests.test_audit_and_exchange.TestAuthAPI" name="test_login_invalid_credentials" time="0.100" /><testcase classname="tests.test_audit_and_exchange.TestTransakAPI" name="test_transak_config" time="0.117" /></testsuite></testsuites>