<?xml version="1.0" encoding="utf-8"?><testsuites name="pytest tests"><testsuite name="pytest" errors="0" failures="0" skipped="3" tests="15" time="34.637" timestamp="2026-04-08T22:48:58.330826+00:00" hostname="agent-env-dc0d84ca-be20-4a39-8bad-ad0b56b456fc"><testcase classname="backend.tests.test_iteration41_production_hardening.TestAdminAuth" name="test_01_admin_login_returns_token_with_admin_role" time="6.672" /><testcase classname="backend.tests.test_iteration41_production_hardening.TestAdminAuth" name="test_02_regular_user_login_returns_user_role" time="2.739" /><testcase classname="backend.tests.test_iteration41_production_hardening.TestRevenueWithdrawal" name="test_03_revenue_withdraw_with_admin_token_returns_success" time="6.514" /><testcase classname="backend.tests.test_iteration41_production_hardening.TestRevenueWithdrawal" name="test_04_revenue_withdraw_without_auth_returns_401" time="0.457" /><testcase classname="backend.tests.test_iteration41_production_hardening.TestRevenueWithdrawal" name="test_05_revenue_history_returns_withdrawal_list" time="2.476" /><testcase classname="backend.tests.test_iteration41_production_hardening.TestNonAdminAccessDenied" name="test_06_revenue_withdraw_with_non_admin_returns_403" time="2.570" /><testcase classname="backend.tests.test_iteration41_production_hardening.TestNonAdminAccessDenied" name="test_07_revenue_history_with_non_admin_returns_403" time="2.581" /><testcase classname="backend.tests.test_iteration41_production_hardening.TestHybridLiquidityEngine" name="test_08_hybrid_status_returns_engine_info" time="2.595" /><testcase classname="backend.tests.test_iteration41_production_hardening.TestCashoutEngine" name="test_09_cashout_status_returns_running_status" time="2.557" /><testcase classname="backend.tests.test_iteration41_production_hardening.TestIdempotency" name="test_10_duplicate_buy_request_returns_idempotency_result" time="2.664" /><testcase classname="backend.tests.test_iteration41_production_hardening.TestIdempotencyService" name="test_11_sell_idempotency_no_e11000" time="0.116"><skipped type="pytest.skip" message="Admin login failed">/app/backend/tests/test_iteration41_production_hardening.py:301: Admin login failed</skipped></testcase><testcase classname="backend.tests.test_iteration41_production_hardening.TestIdempotencyService" name="test_12_swap_idempotency_no_e11000" time="0.121"><skipped type="pytest.skip" message="Admin login failed">/app/backend/tests/test_iteration41_production_hardening.py:328: Admin login failed</skipped></testcase><testcase classname="backend.tests.test_iteration41_production_hardening.TestIdempotencyService" name="test_13_offramp_idempotency_no_e11000" time="2.108"><skipped type="pytest.skip" message="Admin login failed">/app/backend/tests/test_iteration41_production_hardening.py:344: Admin login failed</skipped></testcase><testcase classname="backend.tests.test_iteration41_production_hardening.TestHealthAndBasicEndpoints" name="test_14_health_check" time="0.128" /><testcase classname="backend.tests.test_iteration41_production_hardening.TestHealthAndBasicEndpoints" name="test_15_neno_price_endpoint" time="0.269" /></testsuite></testsuites>