<?xml version="1.0" encoding="utf-8"?><testsuites name="pytest tests"><testsuite name="pytest" errors="0" failures="0" skipped="0" tests="22" time="4.964" timestamp="2026-04-02T07:43:35.653167+00:00" hostname="agent-env-dc0d84ca-be20-4a39-8bad-ad0b56b456fc"><testcase classname="backend.tests.test_iteration18_referral_analytics_kyc.TestReferralSystem" name="test_get_referral_code_admin" time="1.930" /><testcase classname="backend.tests.test_iteration18_referral_analytics_kyc.TestReferralSystem" name="test_get_referral_code_user" time="0.513" /><testcase classname="backend.tests.test_iteration18_referral_analytics_kyc.TestReferralSystem" name="test_get_referral_stats_admin" time="0.114" /><testcase classname="backend.tests.test_iteration18_referral_analytics_kyc.TestReferralSystem" name="test_get_referral_stats_user" time="0.110" /><testcase classname="backend.tests.test_iteration18_referral_analytics_kyc.TestReferralSystem" name="test_get_referral_leaderboard" time="0.094" /><testcase classname="backend.tests.test_iteration18_referral_analytics_kyc.TestReferralSystem" name="test_apply_own_referral_code_fails" time="0.219" /><testcase classname="backend.tests.test_iteration18_referral_analytics_kyc.TestReferralSystem" name="test_apply_invalid_referral_code" time="0.107" /><testcase classname="backend.tests.test_iteration18_referral_analytics_kyc.TestAdvancedAnalytics" name="test_portfolio_risk_metrics_admin" time="0.103" /><testcase classname="backend.tests.test_iteration18_referral_analytics_kyc.TestAdvancedAnalytics" name="test_portfolio_risk_metrics_user" time="0.126" /><testcase classname="backend.tests.test_iteration18_referral_analytics_kyc.TestAdvancedAnalytics" name="test_portfolio_risk_different_periods" time="0.434" /><testcase classname="backend.tests.test_iteration18_referral_analytics_kyc.TestAdvancedAnalytics" name="test_asset_correlation" time="0.107" /><testcase classname="backend.tests.test_iteration18_referral_analytics_kyc.TestAdvancedAnalytics" name="test_asset_correlation_user" time="0.103" /><testcase classname="backend.tests.test_iteration18_referral_analytics_kyc.TestEnhancedKYC" name="test_get_risk_score_admin" time="0.098" /><testcase classname="backend.tests.test_iteration18_referral_analytics_kyc.TestEnhancedKYC" name="test_get_risk_score_user" time="0.098" /><testcase classname="backend.tests.test_iteration18_referral_analytics_kyc.TestEnhancedKYC" name="test_compliance_report_admin" time="0.101" /><testcase classname="backend.tests.test_iteration18_referral_analytics_kyc.TestEnhancedKYC" name="test_compliance_report_user" time="0.101" /><testcase classname="backend.tests.test_iteration18_referral_analytics_kyc.TestEnhancedKYC" name="test_admin_compliance_overview" time="0.101" /><testcase classname="backend.tests.test_iteration18_referral_analytics_kyc.TestEnhancedKYC" name="test_admin_compliance_overview_forbidden_for_user" time="0.094" /><testcase classname="backend.tests.test_iteration18_referral_analytics_kyc.TestI18nTranslations" name="test_translations_file_exists" time="0.000" /><testcase classname="backend.tests.test_iteration18_referral_analytics_kyc.TestRegressionEndpoints" name="test_health_check" time="0.100" /><testcase classname="backend.tests.test_iteration18_referral_analytics_kyc.TestRegressionEndpoints" name="test_kyc_status" time="0.118" /><testcase classname="backend.tests.test_iteration18_referral_analytics_kyc.TestRegressionEndpoints" name="test_wallet_balances" time="0.105" /></testsuite></testsuites>