<?xml version="1.0" encoding="utf-8"?><testsuites name="pytest tests"><testsuite name="pytest" errors="0" failures="0" skipped="0" tests="16" time="48.384" timestamp="2026-04-07T06:36:17.821430+00:00" hostname="agent-env-dc0d84ca-be20-4a39-8bad-ad0b56b456fc"><testcase classname="backend.tests.test_market_maker_treasury_iteration32.TestMarketMakerPricing" name="test_01_mm_pricing_public" time="1.240" /><testcase classname="backend.tests.test_market_maker_treasury_iteration32.TestMarketMakerTreasury" name="test_02_mm_treasury_full" time="7.195" /><testcase classname="backend.tests.test_market_maker_treasury_iteration32.TestMarketMakerTreasury" name="test_03_mm_treasury_neno_asset" time="0.241" /><testcase classname="backend.tests.test_market_maker_treasury_iteration32.TestMarketMakerTreasury" name="test_04_mm_treasury_eur_asset" time="0.049" /><testcase classname="backend.tests.test_market_maker_treasury_iteration32.TestMarketMakerPnLRisk" name="test_05_mm_pnl_report" time="4.770" /><testcase classname="backend.tests.test_market_maker_treasury_iteration32.TestMarketMakerPnLRisk" name="test_06_mm_risk_dashboard" time="2.829" /><testcase classname="backend.tests.test_market_maker_treasury_iteration32.TestNenoExchangeWithMM" name="test_07_neno_exchange_price" time="4.573" /><testcase classname="backend.tests.test_market_maker_treasury_iteration32.TestNenoExchangeWithMM" name="test_08_neno_exchange_quote_buy" time="0.305" /><testcase classname="backend.tests.test_market_maker_treasury_iteration32.TestNenoExchangeWithMM" name="test_09_neno_exchange_quote_sell" time="4.563" /><testcase classname="backend.tests.test_market_maker_treasury_iteration32.TestNenoExchangeWithMM" name="test_10_neno_exchange_market" time="0.328" /><testcase classname="backend.tests.test_market_maker_treasury_iteration32.TestTreasuryBalanceChanges" name="test_11_buy_neno_updates_treasury_eur" time="6.914" /><testcase classname="backend.tests.test_market_maker_treasury_iteration32.TestTreasuryBalanceChanges" name="test_12_sell_neno_updates_treasury_eur" time="3.118" /><testcase classname="backend.tests.test_market_maker_treasury_iteration32.TestCryptoOfframpFallback" name="test_13_crypto_offramp_insufficient_usdt" time="2.666" /><testcase classname="backend.tests.test_market_maker_treasury_iteration32.TestCryptoOfframpFallback" name="test_14_crypto_offramp_usdc_also_fails" time="4.795" /><testcase classname="backend.tests.test_market_maker_treasury_iteration32.TestTreasuryAssetBreakdown" name="test_15_treasury_usdt_balance" time="0.200" /><testcase classname="backend.tests.test_market_maker_treasury_iteration32.TestTreasuryAssetBreakdown" name="test_16_treasury_bnb_balance" time="4.503" /></testsuite></testsuites>