<?xml version="1.0" encoding="utf-8"?><testsuites name="pytest tests"><testsuite name="pytest" errors="0" failures="0" skipped="0" tests="19" time="96.138" timestamp="2026-04-07T12:57:11.174342+00:00" hostname="agent-env-dc0d84ca-be20-4a39-8bad-ad0b56b456fc"><testcase classname="backend.tests.test_security_hardening_iteration33.TestSecurityStatusEndpoint" name="test_01_security_status_returns_caps" time="4.197" /><testcase classname="backend.tests.test_security_hardening_iteration33.TestSecurityStatusEndpoint" name="test_02_security_status_returns_rate_limit" time="0.099" /><testcase classname="backend.tests.test_security_hardening_iteration33.TestSecurityStatusEndpoint" name="test_03_security_status_returns_supported_assets" time="0.127" /><testcase classname="backend.tests.test_security_hardening_iteration33.TestSecurityStatusEndpoint" name="test_04_security_status_returns_status_enforcement" time="0.147" /><testcase classname="backend.tests.test_security_hardening_iteration33.TestTreasuryCapsEnforcement" name="test_05_sell_rejects_when_daily_cap_exceeded" time="2.552" /><testcase classname="backend.tests.test_security_hardening_iteration33.TestTreasuryCapsEnforcement" name="test_06_swap_rejects_when_daily_cap_exceeded" time="2.554" /><testcase classname="backend.tests.test_security_hardening_iteration33.TestTreasuryCapsEnforcement" name="test_07_offramp_rejects_when_daily_cap_exceeded" time="2.595" /><testcase classname="backend.tests.test_security_hardening_iteration33.TestRateLimiting" name="test_08_rate_limit_triggers_429" time="18.025" /><testcase classname="backend.tests.test_security_hardening_iteration33.TestSellEndpointFields" name="test_09_sell_accepts_destination_wallet" time="0.112" /><testcase classname="backend.tests.test_security_hardening_iteration33.TestSellEndpointFields" name="test_10_sell_accepts_destination_iban" time="2.129" /><testcase classname="backend.tests.test_security_hardening_iteration33.TestSwapEndpointFields" name="test_11_swap_accepts_destination_wallet" time="0.103" /><testcase classname="backend.tests.test_security_hardening_iteration33.TestWithdrawRealEndpoint" name="test_12_withdraw_real_requires_auth" time="0.099" /><testcase classname="backend.tests.test_security_hardening_iteration33.TestWithdrawRealEndpoint" name="test_13_withdraw_real_with_auth" time="0.108" /><testcase classname="backend.tests.test_security_hardening_iteration33.TestStatusEnforcement" name="test_14_buy_returns_completed_status" time="0.116" /><testcase classname="backend.tests.test_security_hardening_iteration33.TestStatusEnforcement" name="test_15_sell_status_depends_on_proof" time="2.148" /><testcase classname="backend.tests.test_security_hardening_iteration33.TestWebSocketEndpoint" name="test_16_websocket_endpoint_exists" time="60.154" /><testcase classname="backend.tests.test_security_hardening_iteration33.TestPlatformWallet" name="test_17_platform_wallet_returns_address" time="0.224" /><testcase classname="backend.tests.test_security_hardening_iteration33.TestMarketEndpoints" name="test_18_price_endpoint_returns_mm_data" time="0.279" /><testcase classname="backend.tests.test_security_hardening_iteration33.TestMarketEndpoints" name="test_19_market_endpoint_returns_supported_assets" time="0.283" /></testsuite></testsuites>