<?xml version="1.0" encoding="utf-8"?><testsuites name="pytest tests"><testsuite name="pytest" errors="0" failures="0" skipped="0" tests="21" time="38.886" timestamp="2026-04-07T01:51:37.422567+00:00" hostname="agent-env-dc0d84ca-be20-4a39-8bad-ad0b56b456fc"><testcase classname="backend.tests.test_iteration30_infrastructure.TestIteration30Infrastructure" name="test_01_login_success" time="4.651" /><testcase classname="backend.tests.test_iteration30_infrastructure.TestIteration30Infrastructure" name="test_02_hot_wallet_status" time="2.592" /><testcase classname="backend.tests.test_iteration30_infrastructure.TestIteration30Infrastructure" name="test_03_settlement_rails" time="2.349" /><testcase classname="backend.tests.test_iteration30_infrastructure.TestIteration30Infrastructure" name="test_04_system_health" time="0.305" /><testcase classname="backend.tests.test_iteration30_infrastructure.TestIteration30Infrastructure" name="test_05_sell_neno_internal_credited" time="4.598" /><testcase classname="backend.tests.test_iteration30_infrastructure.TestIteration30Infrastructure" name="test_06_swap_internal_credited" time="0.291" /><testcase classname="backend.tests.test_iteration30_infrastructure.TestIteration30Infrastructure" name="test_07_offramp_payout_pending" time="2.318" /><testcase classname="backend.tests.test_iteration30_infrastructure.TestIteration30Infrastructure" name="test_08_treasury_pnl" time="0.310" /><testcase classname="backend.tests.test_iteration30_infrastructure.TestIteration30Infrastructure" name="test_09_ledger_entries" time="4.338" /><testcase classname="backend.tests.test_iteration30_infrastructure.TestIteration30Infrastructure" name="test_10_payouts_queue" time="0.146" /><testcase classname="backend.tests.test_iteration30_infrastructure.TestIteration30Infrastructure" name="test_11_routing_quote" time="0.103" /><testcase classname="backend.tests.test_iteration30_infrastructure.TestIteration30Infrastructure" name="test_12_netting_stats" time="0.106" /><testcase classname="backend.tests.test_iteration30_infrastructure.TestIteration30Infrastructure" name="test_13_force_balance_sync" time="4.548" /><testcase classname="backend.tests.test_iteration30_infrastructure.TestIteration30Infrastructure" name="test_14_reconcile_admin" time="0.141" /><testcase classname="backend.tests.test_iteration30_infrastructure.TestIteration30Infrastructure" name="test_15_live_balances" time="0.147" /><testcase classname="backend.tests.test_iteration30_infrastructure.TestIteration30Infrastructure" name="test_16_regression_create_custom_token" time="0.131" /><testcase classname="backend.tests.test_iteration30_infrastructure.TestIteration30Infrastructure" name="test_17_regression_buy_custom_token" time="2.534" /><testcase classname="backend.tests.test_iteration30_infrastructure.TestIteration30Infrastructure" name="test_18_regression_sell_custom_token" time="4.602" /><testcase classname="backend.tests.test_iteration30_infrastructure.TestIteration30Infrastructure" name="test_19_audit_ledger" time="0.109" /><testcase classname="backend.tests.test_iteration30_infrastructure.TestIteration30Infrastructure" name="test_20_audit_payouts" time="4.366" /><testcase classname="backend.tests.test_iteration30_infrastructure.TestIteration30Infrastructure" name="test_21_order_book" time="0.100" /></testsuite></testsuites>